#
# There is insufficient memory for the Java Runtime Environment to continue.
# Native memory allocation (mmap) failed to map 200278016 bytes for G1 virtual space
# Possible reasons:
#   The system is out of physical RAM or swap space
#   The process is running with CompressedOops enabled, and the Java Heap may be blocking the growth of the native heap
# Possible solutions:
#   Reduce memory load on the system
#   Increase physical memory or swap space
#   Check if swap backing store is full
#   Decrease Java heap size (-Xmx/-Xms)
#   Decrease number of Java threads
#   Decrease Java thread stack sizes (-Xss)
#   Set larger code cache with -XX:ReservedCodeCacheSize=
#   JVM is running with Unscaled Compressed Oops mode in which the Java heap is
#     placed in the first 4GB address space. The Java Heap base address is the
#     maximum limit for the native heap growth. Please use -XX:HeapBaseMinAddress
#     to set the Java Heap base and to place the Java Heap above 4GB virtual address.
# This output file may be truncated or incomplete.
#
#  Out of Memory Error (os_windows.cpp:3769), pid=16360, tid=10076
#
# JRE version: OpenJDK Runtime Environment (17.0.6) (build 17.0.6+0-b2043.56-10027231)
# Java VM: OpenJDK 64-Bit Server VM (17.0.6+0-b2043.56-10027231, mixed mode, tiered, compressed oops, compressed class ptrs, g1 gc, windows-amd64)
# No core dump will be written. Minidumps are not enabled by default on client versions of Windows
#

---------------  S U M M A R Y ------------

Command Line: --add-opens=java.base/java.util=ALL-UNNAMED --add-opens=java.base/java.lang=ALL-UNNAMED --add-opens=java.base/java.lang.invoke=ALL-UNNAMED --add-opens=java.prefs/java.util.prefs=ALL-UNNAMED --add-opens=java.base/java.nio.charset=ALL-UNNAMED --add-opens=java.base/java.net=ALL-UNNAMED --add-opens=java.base/java.util.concurrent.atomic=ALL-UNNAMED -Xmx2048m -Dfile.encoding=UTF-8 -Duser.country=US -Duser.language=en -Duser.variant org.gradle.launcher.daemon.bootstrap.GradleDaemon 8.0

Host: AMD Ryzen 7 3700U with Radeon Vega Mobile Gfx  , 8 cores, 5G,  Windows 11 , 64 bit Build 22621 (10.0.22621.2215)
Time: Tue Sep 26 18:16:31 2023 Arab Standard Time elapsed time: 47.319097 seconds (0d 0h 0m 47s)

---------------  T H R E A D  ---------------

Current thread (0x0000012b5455b940):  VMThread "VM Thread" [stack: 0x0000002202300000,0x0000002202400000] [id=10076]

Stack: [0x0000002202300000,0x0000002202400000]
Native frames: (J=compiled Java code, j=interpreted, Vv=VM code, C=native code)
V  [jvm.dll+0x683c9a]
V  [jvm.dll+0x8427a4]
V  [jvm.dll+0x843f9e]
V  [jvm.dll+0x844603]
V  [jvm.dll+0x249b75]
V  [jvm.dll+0x680b69]
V  [jvm.dll+0x67505a]
V  [jvm.dll+0x309acb]
V  [jvm.dll+0x310f86]
V  [jvm.dll+0x3608ee]
V  [jvm.dll+0x360b1f]
V  [jvm.dll+0x2dfbf8]
V  [jvm.dll+0x2ddec4]
V  [jvm.dll+0x2dd4cc]
V  [jvm.dll+0x321f3b]
V  [jvm.dll+0x848ccb]
V  [jvm.dll+0x849a04]
V  [jvm.dll+0x849f1d]
V  [jvm.dll+0x84a2f4]
V  [jvm.dll+0x84a3c0]
V  [jvm.dll+0x7f274a]
V  [jvm.dll+0x682ad5]
C  [ucrtbase.dll+0x29363]
C  [KERNEL32.DLL+0x1257d]
C  [ntdll.dll+0x5aa68]

VM_Operation (0x000000220bcfceb0): G1CollectForAllocation, mode: safepoint, requested by thread 0x0000012b5d860360


---------------  P R O C E S S  ---------------

Threads class SMR info:
_java_thread_list=0x0000012b5d7b8bf0, length=146, elements={
0x0000012b3a71aba0, 0x0000012b5455c440, 0x0000012b5455d1c0, 0x0000012b5500d100,
0x0000012b5500dbc0, 0x0000012b5458d190, 0x0000012b5458da50, 0x0000012b5458e640,
0x0000012b55045510, 0x0000012b55047e20, 0x0000012b551b0660, 0x0000012b551b0b30,
0x0000012b57d02030, 0x0000012b56244d00, 0x0000012b56b27080, 0x0000012b5595ff50,
0x0000012b56060350, 0x0000012b553abed0, 0x0000012b5648f790, 0x0000012b58089050,
0x0000012b58089520, 0x0000012b580899f0, 0x0000012b58089ec0, 0x0000012b5808a390,
0x0000012b5808a860, 0x0000012b58a3c380, 0x0000012b58a3ab70, 0x0000012b58a3db90,
0x0000012b58a3e060, 0x0000012b58a3b040, 0x0000012b58a3a6a0, 0x0000012b58a3b510,
0x0000012b58a3beb0, 0x0000012b58a3c850, 0x0000012b58a3cd20, 0x0000012b57f6b580,
0x0000012b57f6a710, 0x0000012b57f6abe0, 0x0000012b57f6b0b0, 0x0000012b57f6c3f0,
0x0000012b57f6d260, 0x0000012b57f693d0, 0x0000012b57f698a0, 0x0000012b57f6d730,
0x0000012b57f6ba50, 0x0000012b57f69d70, 0x0000012b57f6cd90, 0x0000012b57f6bf20,
0x0000012b57f67bc0, 0x0000012b57f6c8c0, 0x0000012b57f66880, 0x0000012b57f66d50,
0x0000012b57f68090, 0x0000012b57f67220, 0x0000012b57f676f0, 0x0000012b56a1f2a0,
0x0000012b56a1e430, 0x0000012b56a1e900, 0x0000012b56a1a5a0, 0x0000012b56a1edd0,
0x0000012b56a1c750, 0x0000012b56a1c280, 0x0000012b56a1f770, 0x0000012b56a1fc40,
0x0000012b56a183f0, 0x0000012b56a1b410, 0x0000012b56a19c00, 0x0000012b56a188c0,
0x0000012b56a18d90, 0x0000012b56a19260, 0x0000012b56a1df60, 0x0000012b56a19730,
0x0000012b56a1a0d0, 0x0000012b56a1aa70, 0x0000012b56a1af40, 0x0000012b56a1b8e0,
0x0000012b56a1bdb0, 0x0000012b56a1d0f0, 0x0000012b56a1cc20, 0x0000012b56a1d5c0,
0x0000012b56a1da90, 0x0000012b57f35ff0, 0x0000012b57f3a820, 0x0000012b57f364c0,
0x0000012b57f3acf0, 0x0000012b57f3c9d0, 0x0000012b57f36990, 0x0000012b57f3b1c0,
0x0000012b57f3c030, 0x0000012b57f381a0, 0x0000012b57f3c500, 0x0000012b57f36e60,
0x0000012b57f37330, 0x0000012b57f37cd0, 0x0000012b57f37800, 0x0000012b57f39e80,
0x0000012b57f38670, 0x0000012b57f38b40, 0x0000012b57f39010, 0x0000012b57f3cea0,
0x0000012b57f3a350, 0x0000012b57f394e0, 0x0000012b57f3b690, 0x0000012b57f3bb60,
0x0000012b57f3d370, 0x0000012b57f3d840, 0x0000012b57f399b0, 0x0000012b59085060,
0x0000012b5907f9c0, 0x0000012b5907fe90, 0x0000012b590846c0, 0x0000012b59080830,
0x0000012b5907f020, 0x0000012b59082040, 0x0000012b59085a00, 0x0000012b59085530,
0x0000012b59080d00, 0x0000012b59085ed0, 0x0000012b59083380, 0x0000012b59082510,
0x0000012b59086870, 0x0000012b590829e0, 0x0000012b59080360, 0x0000012b5907f4f0,
0x0000012b590811d0, 0x0000012b59082eb0, 0x0000012b5859b570, 0x0000012b585976e0,
0x0000012b5859a230, 0x0000012b5859d720, 0x0000012b58597bb0, 0x0000012b5859ba40,
0x0000012b58596870, 0x0000012b5859a700, 0x0000012b585993c0, 0x0000012b5859bf10,
0x0000012b58599d60, 0x0000012b5b485440, 0x0000012b5d860360, 0x0000012b5d860830,
0x0000012b5d85f020, 0x0000012b5d85f9c0, 0x0000012b5d85fe90, 0x0000012b5d85f4f0,
0x0000012b581c46e0, 0x0000012b581c2ed0
}

Java Threads: ( => current thread )
  0x0000012b3a71aba0 JavaThread "main" [_thread_blocked, id=13504, stack(0x0000002201d00000,0x0000002201e00000)]
  0x0000012b5455c440 JavaThread "Reference Handler" daemon [_thread_blocked, id=16464, stack(0x0000002202400000,0x0000002202500000)]
  0x0000012b5455d1c0 JavaThread "Finalizer" daemon [_thread_blocked, id=6120, stack(0x0000002202500000,0x0000002202600000)]
  0x0000012b5500d100 JavaThread "Signal Dispatcher" daemon [_thread_blocked, id=17612, stack(0x0000002202600000,0x0000002202700000)]
  0x0000012b5500dbc0 JavaThread "Attach Listener" daemon [_thread_blocked, id=17396, stack(0x0000002202700000,0x0000002202800000)]
  0x0000012b5458d190 JavaThread "Service Thread" daemon [_thread_blocked, id=12460, stack(0x0000002202800000,0x0000002202900000)]
  0x0000012b5458da50 JavaThread "Monitor Deflation Thread" daemon [_thread_blocked, id=18980, stack(0x0000002202900000,0x0000002202a00000)]
  0x0000012b5458e640 JavaThread "C2 CompilerThread0" daemon [_thread_blocked, id=6672, stack(0x0000002202a00000,0x0000002202b00000)]
  0x0000012b55045510 JavaThread "C1 CompilerThread0" daemon [_thread_blocked, id=14204, stack(0x0000002202b00000,0x0000002202c00000)]
  0x0000012b55047e20 JavaThread "Sweeper thread" daemon [_thread_blocked, id=12684, stack(0x0000002202c00000,0x0000002202d00000)]
  0x0000012b551b0660 JavaThread "Common-Cleaner" daemon [_thread_blocked, id=968, stack(0x0000002202d00000,0x0000002202e00000)]
  0x0000012b551b0b30 JavaThread "Notification Thread" daemon [_thread_blocked, id=12276, stack(0x0000002202e00000,0x0000002202f00000)]
  0x0000012b57d02030 JavaThread "Daemon health stats" [_thread_blocked, id=11644, stack(0x0000002203400000,0x0000002203500000)]
  0x0000012b56244d00 JavaThread "Incoming local TCP Connector on port 64374" [_thread_in_native, id=19420, stack(0x0000002203500000,0x0000002203600000)]
  0x0000012b56b27080 JavaThread "Daemon periodic checks" [_thread_blocked, id=11416, stack(0x0000002203600000,0x0000002203700000)]
  0x0000012b5595ff50 JavaThread "Daemon" [_thread_blocked, id=20844, stack(0x0000002203700000,0x0000002203800000)]
  0x0000012b56060350 JavaThread "Handler for socket connection from /127.0.0.1:64374 to /127.0.0.1:64375" [_thread_in_native, id=10212, stack(0x0000002203800000,0x0000002203900000)]
  0x0000012b553abed0 JavaThread "Cancel handler" [_thread_blocked, id=10568, stack(0x0000002203900000,0x0000002203a00000)]
  0x0000012b5648f790 JavaThread "Daemon worker" [_thread_blocked, id=5628, stack(0x0000002203a00000,0x0000002203b00000)]
  0x0000012b58089050 JavaThread "Asynchronous log dispatcher for DefaultDaemonConnection: socket connection from /127.0.0.1:64374 to /127.0.0.1:64375" [_thread_blocked, id=18036, stack(0x0000002203b00000,0x0000002203c00000)]
  0x0000012b58089520 JavaThread "Stdin handler" [_thread_blocked, id=19500, stack(0x0000002203c00000,0x0000002203d00000)]
  0x0000012b580899f0 JavaThread "Daemon client event forwarder" [_thread_blocked, id=1964, stack(0x0000002203d00000,0x0000002203e00000)]
  0x0000012b58089ec0 JavaThread "Cache worker for journal cache (C:\Users\ims23\.gradle\caches\journal-1)" [_thread_blocked, id=17288, stack(0x0000002204300000,0x0000002204400000)]
  0x0000012b5808a390 JavaThread "File lock request listener" [_thread_in_native, id=17128, stack(0x0000002204400000,0x0000002204500000)]
  0x0000012b5808a860 JavaThread "Cache worker for file hash cache (C:\Users\ims23\.gradle\caches\8.0\fileHashes)" [_thread_blocked, id=12756, stack(0x0000002204500000,0x0000002204600000)]
  0x0000012b58a3c380 JavaThread "File watcher server" daemon [_thread_blocked, id=16644, stack(0x0000002204700000,0x0000002204800000)]
  0x0000012b58a3ab70 JavaThread "File watcher consumer" daemon [_thread_blocked, id=10784, stack(0x0000002204800000,0x0000002204900000)]
  0x0000012b58a3db90 JavaThread "Cache worker for checksums cache (C:\Users\ims23\AndroidStudioProjects\Aban\.gradle\8.0\checksums)" [_thread_blocked, id=8972, stack(0x0000002204900000,0x0000002204a00000)]
  0x0000012b58a3e060 JavaThread "Cache worker for cache directory md-rule (C:\Users\ims23\.gradle\caches\8.0\md-rule)" [_thread_blocked, id=13584, stack(0x0000002204a00000,0x0000002204b00000)]
  0x0000012b58a3b040 JavaThread "Cache worker for file content cache (C:\Users\ims23\.gradle\caches\8.0\fileContent)" [_thread_blocked, id=11976, stack(0x0000002204b00000,0x0000002204c00000)]
  0x0000012b58a3a6a0 JavaThread "Cache worker for file hash cache (C:\Users\ims23\AndroidStudioProjects\Aban\.gradle\8.0\fileHashes)" [_thread_blocked, id=3224, stack(0x0000002204600000,0x0000002204700000)]
  0x0000012b58a3b510 JavaThread "Cache worker for cache directory md-supplier (C:\Users\ims23\.gradle\caches\8.0\md-supplier)" [_thread_blocked, id=21188, stack(0x0000002204c00000,0x0000002204d00000)]
  0x0000012b58a3beb0 JavaThread "Cache worker for execution history cache (C:\Users\ims23\.gradle\caches\8.0\executionHistory)" [_thread_blocked, id=1856, stack(0x0000002204200000,0x0000002204300000)]
  0x0000012b58a3c850 JavaThread "jar transforms" [_thread_blocked, id=12516, stack(0x0000002204d00000,0x0000002204e00000)]
  0x0000012b58a3cd20 JavaThread "jar transforms Thread 2" [_thread_blocked, id=20032, stack(0x0000002204f00000,0x0000002205000000)]
  0x0000012b57f6b580 JavaThread "Cache worker for kotlin-dsl (C:\Users\ims23\.gradle\caches\8.0\kotlin-dsl)" [_thread_blocked, id=20684, stack(0x0000002205100000,0x0000002205200000)]
  0x0000012b57f6a710 JavaThread "jar transforms Thread 3" [_thread_blocked, id=21396, stack(0x0000002205200000,0x0000002205300000)]
  0x0000012b57f6abe0 JavaThread "jar transforms Thread 4" [_thread_blocked, id=15980, stack(0x0000002205300000,0x0000002205400000)]
  0x0000012b57f6b0b0 JavaThread "Cache worker for dependencies-accessors (C:\Users\ims23\AndroidStudioProjects\Aban\.gradle\8.0\dependencies-accessors)" [_thread_blocked, id=13060, stack(0x0000002205400000,0x0000002205500000)]
  0x0000012b57f6c3f0 JavaThread "Cache worker for Build Output Cleanup Cache (C:\Users\ims23\AndroidStudioProjects\Aban\.gradle\buildOutputCleanup)" [_thread_blocked, id=16560, stack(0x0000002205500000,0x0000002205600000)]
  0x0000012b57f6d260 JavaThread "jar transforms Thread 5" [_thread_blocked, id=2360, stack(0x0000002205600000,0x0000002205700000)]
  0x0000012b57f693d0 JavaThread "Unconstrained build operations" [_thread_blocked, id=14984, stack(0x0000002205000000,0x0000002205100000)]
  0x0000012b57f698a0 JavaThread "Unconstrained build operations Thread 2" [_thread_blocked, id=11108, stack(0x0000002205900000,0x0000002205a00000)]
  0x0000012b57f6d730 JavaThread "Unconstrained build operations Thread 3" [_thread_blocked, id=6472, stack(0x0000002205a00000,0x0000002205b00000)]
  0x0000012b57f6ba50 JavaThread "Unconstrained build operations Thread 4" [_thread_blocked, id=10268, stack(0x0000002205b00000,0x0000002205c00000)]
  0x0000012b57f69d70 JavaThread "Unconstrained build operations Thread 5" [_thread_blocked, id=1516, stack(0x0000002205c00000,0x0000002205d00000)]
  0x0000012b57f6cd90 JavaThread "Unconstrained build operations Thread 6" [_thread_blocked, id=10052, stack(0x0000002205d00000,0x0000002205e00000)]
  0x0000012b57f6bf20 JavaThread "Unconstrained build operations Thread 7" [_thread_blocked, id=16840, stack(0x0000002205e00000,0x0000002205f00000)]
  0x0000012b57f67bc0 JavaThread "Unconstrained build operations Thread 8" [_thread_blocked, id=6928, stack(0x0000002205f00000,0x0000002206000000)]
  0x0000012b57f6c8c0 JavaThread "Unconstrained build operations Thread 9" [_thread_blocked, id=6028, stack(0x0000002206000000,0x0000002206100000)]
  0x0000012b57f66880 JavaThread "Unconstrained build operations Thread 10" [_thread_blocked, id=1476, stack(0x0000002206100000,0x0000002206200000)]
  0x0000012b57f66d50 JavaThread "Unconstrained build operations Thread 11" [_thread_blocked, id=20884, stack(0x0000002206200000,0x0000002206300000)]
  0x0000012b57f68090 JavaThread "Unconstrained build operations Thread 12" [_thread_blocked, id=3764, stack(0x0000002206300000,0x0000002206400000)]
  0x0000012b57f67220 JavaThread "Unconstrained build operations Thread 13" [_thread_blocked, id=21052, stack(0x0000002206400000,0x0000002206500000)]
  0x0000012b57f676f0 JavaThread "Unconstrained build operations Thread 14" [_thread_blocked, id=13772, stack(0x0000002206500000,0x0000002206600000)]
  0x0000012b56a1f2a0 JavaThread "Unconstrained build operations Thread 15" [_thread_blocked, id=16116, stack(0x0000002206600000,0x0000002206700000)]
  0x0000012b56a1e430 JavaThread "Unconstrained build operations Thread 16" [_thread_blocked, id=15280, stack(0x0000002206700000,0x0000002206800000)]
  0x0000012b56a1e900 JavaThread "Unconstrained build operations Thread 17" [_thread_blocked, id=18576, stack(0x0000002206800000,0x0000002206900000)]
  0x0000012b56a1a5a0 JavaThread "Unconstrained build operations Thread 18" [_thread_blocked, id=19828, stack(0x0000002206900000,0x0000002206a00000)]
  0x0000012b56a1edd0 JavaThread "Unconstrained build operations Thread 19" [_thread_blocked, id=20712, stack(0x0000002206a00000,0x0000002206b00000)]
  0x0000012b56a1c750 JavaThread "Unconstrained build operations Thread 20" [_thread_blocked, id=13948, stack(0x0000002206b00000,0x0000002206c00000)]
  0x0000012b56a1c280 JavaThread "Unconstrained build operations Thread 21" [_thread_blocked, id=19388, stack(0x0000002206c00000,0x0000002206d00000)]
  0x0000012b56a1f770 JavaThread "Unconstrained build operations Thread 22" [_thread_blocked, id=2056, stack(0x0000002206d00000,0x0000002206e00000)]
  0x0000012b56a1fc40 JavaThread "Unconstrained build operations Thread 23" [_thread_blocked, id=11024, stack(0x0000002206e00000,0x0000002206f00000)]
  0x0000012b56a183f0 JavaThread "Unconstrained build operations Thread 24" [_thread_blocked, id=19136, stack(0x0000002206f00000,0x0000002207000000)]
  0x0000012b56a1b410 JavaThread "Unconstrained build operations Thread 25" [_thread_blocked, id=16352, stack(0x0000002207000000,0x0000002207100000)]
  0x0000012b56a19c00 JavaThread "Unconstrained build operations Thread 26" [_thread_blocked, id=14228, stack(0x0000002207100000,0x0000002207200000)]
  0x0000012b56a188c0 JavaThread "Unconstrained build operations Thread 27" [_thread_blocked, id=2668, stack(0x0000002207200000,0x0000002207300000)]
  0x0000012b56a18d90 JavaThread "Unconstrained build operations Thread 28" [_thread_blocked, id=5132, stack(0x0000002207300000,0x0000002207400000)]
  0x0000012b56a19260 JavaThread "Unconstrained build operations Thread 29" [_thread_blocked, id=20412, stack(0x0000002207400000,0x0000002207500000)]
  0x0000012b56a1df60 JavaThread "Unconstrained build operations Thread 30" [_thread_blocked, id=1988, stack(0x0000002207500000,0x0000002207600000)]
  0x0000012b56a19730 JavaThread "Unconstrained build operations Thread 31" [_thread_blocked, id=20600, stack(0x0000002207600000,0x0000002207700000)]
  0x0000012b56a1a0d0 JavaThread "Unconstrained build operations Thread 32" [_thread_blocked, id=14068, stack(0x0000002207700000,0x0000002207800000)]
  0x0000012b56a1aa70 JavaThread "Unconstrained build operations Thread 33" [_thread_blocked, id=13264, stack(0x0000002207800000,0x0000002207900000)]
  0x0000012b56a1af40 JavaThread "Unconstrained build operations Thread 34" [_thread_blocked, id=10560, stack(0x0000002207900000,0x0000002207a00000)]
  0x0000012b56a1b8e0 JavaThread "Unconstrained build operations Thread 35" [_thread_blocked, id=11208, stack(0x0000002207a00000,0x0000002207b00000)]
  0x0000012b56a1bdb0 JavaThread "Unconstrained build operations Thread 36" [_thread_blocked, id=21356, stack(0x0000002207b00000,0x0000002207c00000)]
  0x0000012b56a1d0f0 JavaThread "Unconstrained build operations Thread 37" [_thread_blocked, id=5244, stack(0x0000002207c00000,0x0000002207d00000)]
  0x0000012b56a1cc20 JavaThread "Unconstrained build operations Thread 38" [_thread_blocked, id=13776, stack(0x0000002207d00000,0x0000002207e00000)]
  0x0000012b56a1d5c0 JavaThread "Unconstrained build operations Thread 39" [_thread_blocked, id=8476, stack(0x0000002207e00000,0x0000002207f00000)]
  0x0000012b56a1da90 JavaThread "Unconstrained build operations Thread 40" [_thread_blocked, id=5472, stack(0x0000002207f00000,0x0000002208000000)]
  0x0000012b57f35ff0 JavaThread "Unconstrained build operations Thread 41" [_thread_blocked, id=4128, stack(0x0000002208000000,0x0000002208100000)]
  0x0000012b57f3a820 JavaThread "Unconstrained build operations Thread 42" [_thread_blocked, id=9160, stack(0x0000002208100000,0x0000002208200000)]
  0x0000012b57f364c0 JavaThread "Unconstrained build operations Thread 43" [_thread_blocked, id=9952, stack(0x0000002208200000,0x0000002208300000)]
  0x0000012b57f3acf0 JavaThread "Unconstrained build operations Thread 44" [_thread_blocked, id=15108, stack(0x0000002208300000,0x0000002208400000)]
  0x0000012b57f3c9d0 JavaThread "Unconstrained build operations Thread 45" [_thread_blocked, id=17536, stack(0x0000002208400000,0x0000002208500000)]
  0x0000012b57f36990 JavaThread "Unconstrained build operations Thread 46" [_thread_blocked, id=13932, stack(0x0000002208500000,0x0000002208600000)]
  0x0000012b57f3b1c0 JavaThread "Unconstrained build operations Thread 47" [_thread_blocked, id=15132, stack(0x0000002208600000,0x0000002208700000)]
  0x0000012b57f3c030 JavaThread "Unconstrained build operations Thread 48" [_thread_blocked, id=15016, stack(0x0000002208700000,0x0000002208800000)]
  0x0000012b57f381a0 JavaThread "Unconstrained build operations Thread 49" [_thread_blocked, id=9032, stack(0x0000002208800000,0x0000002208900000)]
  0x0000012b57f3c500 JavaThread "Unconstrained build operations Thread 50" [_thread_blocked, id=1664, stack(0x0000002208900000,0x0000002208a00000)]
  0x0000012b57f36e60 JavaThread "Unconstrained build operations Thread 51" [_thread_blocked, id=13116, stack(0x0000002208a00000,0x0000002208b00000)]
  0x0000012b57f37330 JavaThread "Unconstrained build operations Thread 52" [_thread_blocked, id=20724, stack(0x0000002208b00000,0x0000002208c00000)]
  0x0000012b57f37cd0 JavaThread "Unconstrained build operations Thread 53" [_thread_blocked, id=16432, stack(0x0000002208c00000,0x0000002208d00000)]
  0x0000012b57f37800 JavaThread "Unconstrained build operations Thread 54" [_thread_blocked, id=20812, stack(0x0000002208d00000,0x0000002208e00000)]
  0x0000012b57f39e80 JavaThread "Unconstrained build operations Thread 55" [_thread_blocked, id=10524, stack(0x0000002208e00000,0x0000002208f00000)]
  0x0000012b57f38670 JavaThread "Unconstrained build operations Thread 56" [_thread_blocked, id=3108, stack(0x0000002208f00000,0x0000002209000000)]
  0x0000012b57f38b40 JavaThread "Unconstrained build operations Thread 57" [_thread_blocked, id=12624, stack(0x0000002209000000,0x0000002209100000)]
  0x0000012b57f39010 JavaThread "Unconstrained build operations Thread 58" [_thread_blocked, id=1120, stack(0x0000002209100000,0x0000002209200000)]
  0x0000012b57f3cea0 JavaThread "Unconstrained build operations Thread 59" [_thread_blocked, id=12000, stack(0x0000002209200000,0x0000002209300000)]
  0x0000012b57f3a350 JavaThread "Unconstrained build operations Thread 60" [_thread_blocked, id=6404, stack(0x0000002209300000,0x0000002209400000)]
  0x0000012b57f394e0 JavaThread "Unconstrained build operations Thread 61" [_thread_blocked, id=16084, stack(0x0000002209400000,0x0000002209500000)]
  0x0000012b57f3b690 JavaThread "Unconstrained build operations Thread 62" [_thread_blocked, id=6804, stack(0x0000002209500000,0x0000002209600000)]
  0x0000012b57f3bb60 JavaThread "Unconstrained build operations Thread 63" [_thread_blocked, id=11756, stack(0x0000002209600000,0x0000002209700000)]
  0x0000012b57f3d370 JavaThread "Unconstrained build operations Thread 64" [_thread_blocked, id=4440, stack(0x0000002209700000,0x0000002209800000)]
  0x0000012b57f3d840 JavaThread "Unconstrained build operations Thread 65" [_thread_blocked, id=8308, stack(0x0000002209800000,0x0000002209900000)]
  0x0000012b57f399b0 JavaThread "Unconstrained build operations Thread 66" [_thread_blocked, id=12804, stack(0x0000002209900000,0x0000002209a00000)]
  0x0000012b59085060 JavaThread "Unconstrained build operations Thread 67" [_thread_blocked, id=20580, stack(0x0000002209a00000,0x0000002209b00000)]
  0x0000012b5907f9c0 JavaThread "Unconstrained build operations Thread 68" [_thread_blocked, id=11164, stack(0x0000002209b00000,0x0000002209c00000)]
  0x0000012b5907fe90 JavaThread "Unconstrained build operations Thread 69" [_thread_blocked, id=18844, stack(0x0000002209c00000,0x0000002209d00000)]
  0x0000012b590846c0 JavaThread "Unconstrained build operations Thread 70" [_thread_blocked, id=4176, stack(0x0000002209d00000,0x0000002209e00000)]
  0x0000012b59080830 JavaThread "Unconstrained build operations Thread 71" [_thread_blocked, id=4184, stack(0x0000002209e00000,0x0000002209f00000)]
  0x0000012b5907f020 JavaThread "Unconstrained build operations Thread 72" [_thread_blocked, id=8612, stack(0x0000002209f00000,0x000000220a000000)]
  0x0000012b59082040 JavaThread "Unconstrained build operations Thread 73" [_thread_blocked, id=14188, stack(0x000000220a000000,0x000000220a100000)]
  0x0000012b59085a00 JavaThread "Unconstrained build operations Thread 74" [_thread_blocked, id=14352, stack(0x000000220a100000,0x000000220a200000)]
  0x0000012b59085530 JavaThread "Unconstrained build operations Thread 75" [_thread_blocked, id=18996, stack(0x000000220a200000,0x000000220a300000)]
  0x0000012b59080d00 JavaThread "Unconstrained build operations Thread 76" [_thread_blocked, id=15848, stack(0x000000220a300000,0x000000220a400000)]
  0x0000012b59085ed0 JavaThread "Unconstrained build operations Thread 77" [_thread_blocked, id=10128, stack(0x000000220a400000,0x000000220a500000)]
  0x0000012b59083380 JavaThread "Unconstrained build operations Thread 78" [_thread_blocked, id=3920, stack(0x000000220a500000,0x000000220a600000)]
  0x0000012b59082510 JavaThread "Unconstrained build operations Thread 79" [_thread_blocked, id=4544, stack(0x000000220a600000,0x000000220a700000)]
  0x0000012b59086870 JavaThread "Unconstrained build operations Thread 80" [_thread_blocked, id=10600, stack(0x000000220a700000,0x000000220a800000)]
  0x0000012b590829e0 JavaThread "jar transforms Thread 6" [_thread_blocked, id=7732, stack(0x0000002204e00000,0x0000002204f00000)]
  0x0000012b59080360 JavaThread "jar transforms Thread 7" [_thread_blocked, id=20788, stack(0x000000220a800000,0x000000220a900000)]
  0x0000012b5907f4f0 JavaThread "jar transforms Thread 8" [_thread_blocked, id=5716, stack(0x000000220a900000,0x000000220aa00000)]
  0x0000012b590811d0 JavaThread "build event listener" [_thread_blocked, id=12064, stack(0x000000220aa00000,0x000000220ab00000)]
  0x0000012b59082eb0 JavaThread "Memory manager" [_thread_blocked, id=17512, stack(0x000000220ac00000,0x000000220ad00000)]
  0x0000012b5859b570 JavaThread "pool-3-thread-1" [_thread_blocked, id=6364, stack(0x000000220af00000,0x000000220b000000)]
  0x0000012b585976e0 JavaThread "build event listener" [_thread_blocked, id=10952, stack(0x000000220b000000,0x000000220b100000)]
  0x0000012b5859a230 JavaThread "included builds" [_thread_blocked, id=14992, stack(0x000000220b100000,0x000000220b200000)]
  0x0000012b5859d720 JavaThread "Execution worker" [_thread_blocked, id=15920, stack(0x000000220b200000,0x000000220b300000)]
  0x0000012b58597bb0 JavaThread "Execution worker Thread 2" [_thread_blocked, id=6952, stack(0x000000220b300000,0x000000220b400000)]
  0x0000012b5859ba40 JavaThread "Execution worker Thread 3" [_thread_blocked, id=19684, stack(0x000000220b400000,0x000000220b500000)]
  0x0000012b58596870 JavaThread "Execution worker Thread 4" [_thread_blocked, id=3292, stack(0x000000220b500000,0x000000220b600000)]
  0x0000012b5859a700 JavaThread "Execution worker Thread 5" [_thread_blocked, id=16936, stack(0x000000220b600000,0x000000220b700000)]
  0x0000012b585993c0 JavaThread "Execution worker Thread 6" [_thread_blocked, id=9760, stack(0x000000220b700000,0x000000220b800000)]
  0x0000012b5859bf10 JavaThread "Execution worker Thread 7" [_thread_blocked, id=19488, stack(0x000000220b800000,0x000000220b900000)]
  0x0000012b58599d60 JavaThread "Cache worker for execution history cache (C:\Users\ims23\AndroidStudioProjects\Aban\.gradle\8.0\executionHistory)" [_thread_blocked, id=1272, stack(0x000000220b900000,0x000000220ba00000)]
  0x0000012b5b485440 JavaThread "C2 CompilerThread1" daemon [_thread_blocked, id=21452, stack(0x000000220ab00000,0x000000220ac00000)]
  0x0000012b5d860360 JavaThread "WorkerExecutor Queue" [_thread_blocked, id=15940, stack(0x000000220bc00000,0x000000220bd00000)]
  0x0000012b5d860830 JavaThread "WorkerExecutor Queue Thread 2" [_thread_blocked, id=5604, stack(0x000000220bd00000,0x000000220be00000)]
  0x0000012b5d85f020 JavaThread "WorkerExecutor Queue Thread 3" [_thread_blocked, id=15212, stack(0x000000220be00000,0x000000220bf00000)]
  0x0000012b5d85f9c0 JavaThread "WorkerExecutor Queue Thread 4" [_thread_blocked, id=7532, stack(0x000000220bf00000,0x000000220c000000)]
  0x0000012b5d85fe90 JavaThread "WorkerExecutor Queue Thread 5" [_thread_blocked, id=15020, stack(0x000000220c000000,0x000000220c100000)]
  0x0000012b5d85f4f0 JavaThread "WorkerExecutor Queue Thread 6" [_thread_blocked, id=13576, stack(0x000000220c100000,0x000000220c200000)]
  0x0000012b581c46e0 JavaThread "WorkerExecutor Queue Thread 7" [_thread_blocked, id=9832, stack(0x000000220c200000,0x000000220c300000)]
  0x0000012b581c2ed0 JavaThread "WorkerExecutor Queue Thread 8" [_thread_blocked, id=5888, stack(0x000000220c300000,0x000000220c400000)]

Other Threads:
=>0x0000012b5455b940 VMThread "VM Thread" [stack: 0x0000002202300000,0x0000002202400000] [id=10076]
  0x0000012b3a796300 WatcherThread [stack: 0x0000002202f00000,0x0000002203000000] [id=12964]
  0x0000012b3a775c30 GCTaskThread "GC Thread#0" [stack: 0x0000002201e00000,0x0000002201f00000] [id=16864]
  0x0000012b55cb3480 GCTaskThread "GC Thread#1" [stack: 0x0000002203100000,0x0000002203200000] [id=12428]
  0x0000012b55e46060 GCTaskThread "GC Thread#2" [stack: 0x0000002203200000,0x0000002203300000] [id=18324]
  0x0000012b55e81850 GCTaskThread "GC Thread#3" [stack: 0x0000002203300000,0x0000002203400000] [id=18364]
  0x0000012b566fd860 GCTaskThread "GC Thread#4" [stack: 0x0000002203000000,0x0000002203100000] [id=16984]
  0x0000012b55641b80 GCTaskThread "GC Thread#5" [stack: 0x0000002203e00000,0x0000002203f00000] [id=5048]
  0x0000012b56126ac0 GCTaskThread "GC Thread#6" [stack: 0x0000002203f00000,0x0000002204000000] [id=19664]
  0x0000012b5681ad00 GCTaskThread "GC Thread#7" [stack: 0x0000002204000000,0x0000002204100000] [id=18232]
  0x0000012b3a786a80 ConcurrentGCThread "G1 Main Marker" [stack: 0x0000002201f00000,0x0000002202000000] [id=4060]
  0x0000012b3a7873a0 ConcurrentGCThread "G1 Conc#0" [stack: 0x0000002202000000,0x0000002202100000] [id=18624]
  0x0000012b57702150 ConcurrentGCThread "G1 Conc#1" [stack: 0x0000002204100000,0x0000002204200000] [id=12872]
  0x0000012b3a7ddc90 ConcurrentGCThread "G1 Refine#0" [stack: 0x0000002202100000,0x0000002202200000] [id=17340]
  0x0000012b5902c2d0 ConcurrentGCThread "G1 Refine#1" [stack: 0x0000002205700000,0x0000002205800000] [id=10708]
  0x0000012b5b1a4a00 ConcurrentGCThread "G1 Refine#2" [stack: 0x000000220ba00000,0x000000220bb00000] [id=14044]
  0x0000012b58312f50 ConcurrentGCThread "G1 Refine#3" [stack: 0x000000220bb00000,0x000000220bc00000] [id=14660]
  0x0000012b3a7de5c0 ConcurrentGCThread "G1 Service" [stack: 0x0000002202200000,0x0000002202300000] [id=5512]

Threads with active compile tasks:
C2 CompilerThread0    47433 12899       4       com.android.utils.XmlUtils::append (597 bytes)
C1 CompilerThread0    47433 13342       2       com.android.aaptcompiler.ResourceTable::findOrCreatePackage (44 bytes)
C2 CompilerThread1    47433 12905 %     4       sun.nio.cs.UTF_8$Encoder::encodeArrayLoopSlow @ 0 (377 bytes)

VM state: at safepoint (normal execution)

VM Mutex/Monitor currently owned by a thread:  ([mutex/lock_event])
[0x0000012b3a7151c0] Threads_lock - owner thread: 0x0000012b5455b940
[0x0000012b3a714e60] Heap_lock - owner thread: 0x0000012b5d860360

Heap address: 0x0000000080000000, size: 2048 MB, Compressed Oops mode: 32-bit

CDS archive(s) not mapped
Compressed class space mapped at: 0x0000000100000000-0x0000000140000000, reserved size: 1073741824
Narrow klass base: 0x0000000000000000, Narrow klass shift: 3, Narrow klass range: 0x140000000

GC Precious Log:
 CPUs: 8 total, 8 available
 Memory: 6077M
 Large Page Support: Disabled
 NUMA Support: Disabled
 Compressed Oops: Enabled (32-bit)
 Heap Region Size: 1M
 Heap Min Capacity: 8M
 Heap Initial Capacity: 96M
 Heap Max Capacity: 2G
 Pre-touch: Disabled
 Parallel Workers: 8
 Concurrent Workers: 2
 Concurrent Refinement Workers: 8
 Periodic GC: Disabled

Heap:
 garbage-first heap   total 250880K, used 132670K [0x0000000080000000, 0x0000000100000000)
  region size 1024K, 2 young (2048K), 2 survivors (2048K)
 Metaspace       used 112664K, committed 113344K, reserved 1146880K
  class space    used 14984K, committed 15296K, reserved 1048576K

Heap Regions: E=young(eden), S=young(survivor), O=old, HS=humongous(starts), HC=humongous(continues), CS=collection set, F=free, OA=open archive, CA=closed archive, TAMS=top-at-mark-start (previous, next)
|   0|0x0000000080000000, 0x0000000080100000, 0x0000000080100000|100%|HS|  |TAMS 0x0000000080100000, 0x0000000080000000| Complete 
|   1|0x0000000080100000, 0x0000000080200000, 0x0000000080200000|100%|HC|  |TAMS 0x0000000080200000, 0x0000000080100000| Complete 
|   2|0x0000000080200000, 0x0000000080300000, 0x0000000080300000|100%|HC|  |TAMS 0x0000000080300000, 0x0000000080200000| Complete 
|   3|0x0000000080300000, 0x0000000080400000, 0x0000000080400000|100%|HC|  |TAMS 0x0000000080400000, 0x0000000080300000| Complete 
|   4|0x0000000080400000, 0x0000000080500000, 0x0000000080500000|100%| O|  |TAMS 0x0000000080500000, 0x0000000080400000| Untracked 
|   5|0x0000000080500000, 0x0000000080600000, 0x0000000080600000|100%| O|  |TAMS 0x0000000080600000, 0x0000000080500000| Untracked 
|   6|0x0000000080600000, 0x0000000080700000, 0x0000000080700000|100%| O|  |TAMS 0x0000000080700000, 0x0000000080600000| Untracked 
|   7|0x0000000080700000, 0x0000000080800000, 0x0000000080800000|100%| O|  |TAMS 0x0000000080800000, 0x0000000080700000| Untracked 
|   8|0x0000000080800000, 0x0000000080900000, 0x0000000080900000|100%| O|  |TAMS 0x0000000080900000, 0x0000000080800000| Untracked 
|   9|0x0000000080900000, 0x0000000080a00000, 0x0000000080a00000|100%| O|  |TAMS 0x0000000080a00000, 0x0000000080900000| Untracked 
|  10|0x0000000080a00000, 0x0000000080b00000, 0x0000000080b00000|100%| O|  |TAMS 0x0000000080b00000, 0x0000000080a00000| Untracked 
|  11|0x0000000080b00000, 0x0000000080c00000, 0x0000000080c00000|100%| O|  |TAMS 0x0000000080c00000, 0x0000000080b00000| Untracked 
|  12|0x0000000080c00000, 0x0000000080d00000, 0x0000000080d00000|100%| O|  |TAMS 0x0000000080d00000, 0x0000000080c00000| Untracked 
|  13|0x0000000080d00000, 0x0000000080e00000, 0x0000000080e00000|100%| O|  |TAMS 0x0000000080e00000, 0x0000000080d00000| Untracked 
|  14|0x0000000080e00000, 0x0000000080f00000, 0x0000000080f00000|100%| O|  |TAMS 0x0000000080f00000, 0x0000000080e00000| Untracked 
|  15|0x0000000080f00000, 0x0000000081000000, 0x0000000081000000|100%| O|  |TAMS 0x0000000081000000, 0x0000000080f00000| Untracked 
|  16|0x0000000081000000, 0x0000000081100000, 0x0000000081100000|100%| O|  |TAMS 0x0000000081100000, 0x0000000081000000| Untracked 
|  17|0x0000000081100000, 0x0000000081200000, 0x0000000081200000|100%| O|  |TAMS 0x0000000081200000, 0x0000000081100000| Untracked 
|  18|0x0000000081200000, 0x0000000081300000, 0x0000000081300000|100%| O|  |TAMS 0x0000000081300000, 0x0000000081200000| Untracked 
|  19|0x0000000081300000, 0x0000000081400000, 0x0000000081400000|100%| O|  |TAMS 0x0000000081400000, 0x0000000081300000| Untracked 
|  20|0x0000000081400000, 0x0000000081500000, 0x0000000081500000|100%| O|  |TAMS 0x0000000081500000, 0x0000000081400000| Untracked 
|  21|0x0000000081500000, 0x0000000081600000, 0x0000000081600000|100%| O|  |TAMS 0x0000000081600000, 0x0000000081500000| Untracked 
|  22|0x0000000081600000, 0x0000000081700000, 0x0000000081700000|100%| O|  |TAMS 0x0000000081700000, 0x0000000081600000| Untracked 
|  23|0x0000000081700000, 0x0000000081800000, 0x0000000081800000|100%| O|  |TAMS 0x0000000081800000, 0x0000000081700000| Untracked 
|  24|0x0000000081800000, 0x0000000081900000, 0x0000000081900000|100%| O|  |TAMS 0x0000000081900000, 0x0000000081800000| Untracked 
|  25|0x0000000081900000, 0x0000000081a00000, 0x0000000081a00000|100%| O|  |TAMS 0x0000000081a00000, 0x0000000081900000| Untracked 
|  26|0x0000000081a00000, 0x0000000081b00000, 0x0000000081b00000|100%| O|  |TAMS 0x0000000081b00000, 0x0000000081a00000| Untracked 
|  27|0x0000000081b00000, 0x0000000081c00000, 0x0000000081c00000|100%| O|  |TAMS 0x0000000081c00000, 0x0000000081b00000| Untracked 
|  28|0x0000000081c00000, 0x0000000081d00000, 0x0000000081d00000|100%| O|  |TAMS 0x0000000081d00000, 0x0000000081c00000| Untracked 
|  29|0x0000000081d00000, 0x0000000081e00000, 0x0000000081e00000|100%| O|  |TAMS 0x0000000081e00000, 0x0000000081d00000| Untracked 
|  30|0x0000000081e00000, 0x0000000081f00000, 0x0000000081f00000|100%| O|  |TAMS 0x0000000081f00000, 0x0000000081e00000| Untracked 
|  31|0x0000000081f00000, 0x0000000082000000, 0x0000000082000000|100%| O|  |TAMS 0x0000000082000000, 0x0000000081f00000| Untracked 
|  32|0x0000000082000000, 0x0000000082100000, 0x0000000082100000|100%| O|  |TAMS 0x0000000082100000, 0x0000000082000000| Untracked 
|  33|0x0000000082100000, 0x0000000082200000, 0x0000000082200000|100%| O|  |TAMS 0x0000000082200000, 0x0000000082100000| Untracked 
|  34|0x0000000082200000, 0x0000000082300000, 0x0000000082300000|100%| O|  |TAMS 0x0000000082300000, 0x0000000082200000| Untracked 
|  35|0x0000000082300000, 0x0000000082400000, 0x0000000082400000|100%| O|  |TAMS 0x0000000082400000, 0x0000000082300000| Untracked 
|  36|0x0000000082400000, 0x0000000082500000, 0x0000000082500000|100%| O|  |TAMS 0x0000000082500000, 0x0000000082400000| Untracked 
|  37|0x0000000082500000, 0x0000000082600000, 0x0000000082600000|100%| O|  |TAMS 0x0000000082600000, 0x0000000082500000| Untracked 
|  38|0x0000000082600000, 0x0000000082700000, 0x0000000082700000|100%| O|  |TAMS 0x0000000082700000, 0x0000000082600000| Untracked 
|  39|0x0000000082700000, 0x0000000082800000, 0x0000000082800000|100%| O|  |TAMS 0x0000000082800000, 0x0000000082700000| Untracked 
|  40|0x0000000082800000, 0x0000000082900000, 0x0000000082900000|100%| O|  |TAMS 0x0000000082900000, 0x0000000082800000| Untracked 
|  41|0x0000000082900000, 0x0000000082a00000, 0x0000000082a00000|100%|HS|  |TAMS 0x0000000082a00000, 0x0000000082900000| Complete 
|  42|0x0000000082a00000, 0x0000000082b00000, 0x0000000082b00000|100%|HS|  |TAMS 0x0000000082b00000, 0x0000000082a00000| Complete 
|  43|0x0000000082b00000, 0x0000000082c00000, 0x0000000082c00000|100%|HS|  |TAMS 0x0000000082c00000, 0x0000000082b00000| Complete 
|  44|0x0000000082c00000, 0x0000000082d00000, 0x0000000082d00000|100%|HC|  |TAMS 0x0000000082d00000, 0x0000000082c00000| Complete 
|  45|0x0000000082d00000, 0x0000000082e00000, 0x0000000082e00000|100%|HS|  |TAMS 0x0000000082e00000, 0x0000000082d00000| Complete 
|  46|0x0000000082e00000, 0x0000000082f00000, 0x0000000082f00000|100%|HS|  |TAMS 0x0000000082f00000, 0x0000000082e00000| Complete 
|  47|0x0000000082f00000, 0x0000000083000000, 0x0000000083000000|100%|HC|  |TAMS 0x0000000083000000, 0x0000000082f00000| Complete 
|  48|0x0000000083000000, 0x0000000083100000, 0x0000000083100000|100%|HC|  |TAMS 0x0000000083100000, 0x0000000083000000| Complete 
|  49|0x0000000083100000, 0x0000000083200000, 0x0000000083200000|100%|HC|  |TAMS 0x0000000083200000, 0x0000000083100000| Complete 
|  50|0x0000000083200000, 0x0000000083300000, 0x0000000083300000|100%| O|  |TAMS 0x0000000083300000, 0x0000000083200000| Untracked 
|  51|0x0000000083300000, 0x0000000083400000, 0x0000000083400000|100%| O|  |TAMS 0x0000000083400000, 0x0000000083300000| Untracked 
|  52|0x0000000083400000, 0x0000000083500000, 0x0000000083500000|100%| O|  |TAMS 0x0000000083500000, 0x0000000083400000| Untracked 
|  53|0x0000000083500000, 0x0000000083600000, 0x0000000083600000|100%| O|  |TAMS 0x0000000083600000, 0x0000000083500000| Untracked 
|  54|0x0000000083600000, 0x0000000083700000, 0x0000000083700000|100%| O|  |TAMS 0x0000000083700000, 0x0000000083600000| Untracked 
|  55|0x0000000083700000, 0x0000000083800000, 0x0000000083800000|100%| O|  |TAMS 0x0000000083800000, 0x0000000083700000| Untracked 
|  56|0x0000000083800000, 0x0000000083900000, 0x0000000083900000|100%| O|  |TAMS 0x0000000083900000, 0x0000000083800000| Untracked 
|  57|0x0000000083900000, 0x0000000083a00000, 0x0000000083a00000|100%| O|  |TAMS 0x0000000083a00000, 0x0000000083900000| Untracked 
|  58|0x0000000083a00000, 0x0000000083b00000, 0x0000000083b00000|100%| O|  |TAMS 0x0000000083b00000, 0x0000000083a00000| Untracked 
|  59|0x0000000083b00000, 0x0000000083c00000, 0x0000000083c00000|100%| O|  |TAMS 0x0000000083c00000, 0x0000000083b00000| Untracked 
|  60|0x0000000083c00000, 0x0000000083d00000, 0x0000000083d00000|100%| O|  |TAMS 0x0000000083d00000, 0x0000000083c00000| Untracked 
|  61|0x0000000083d00000, 0x0000000083e00000, 0x0000000083e00000|100%| O|  |TAMS 0x0000000083e00000, 0x0000000083d00000| Untracked 
|  62|0x0000000083e00000, 0x0000000083f00000, 0x0000000083f00000|100%| O|  |TAMS 0x0000000083f00000, 0x0000000083e00000| Untracked 
|  63|0x0000000083f00000, 0x0000000084000000, 0x0000000084000000|100%| O|  |TAMS 0x0000000084000000, 0x0000000083f00000| Untracked 
|  64|0x0000000084000000, 0x0000000084100000, 0x0000000084100000|100%| O|  |TAMS 0x0000000084100000, 0x0000000084000000| Untracked 
|  65|0x0000000084100000, 0x0000000084200000, 0x0000000084200000|100%| O|  |TAMS 0x0000000084200000, 0x0000000084100000| Untracked 
|  66|0x0000000084200000, 0x0000000084200000, 0x0000000084300000|  0%| F|  |TAMS 0x0000000084200000, 0x0000000084200000| Untracked 
|  67|0x0000000084300000, 0x0000000084400000, 0x0000000084400000|100%| O|  |TAMS 0x0000000084400000, 0x0000000084300000| Untracked 
|  68|0x0000000084400000, 0x0000000084500000, 0x0000000084500000|100%| O|  |TAMS 0x0000000084500000, 0x0000000084400000| Untracked 
|  69|0x0000000084500000, 0x0000000084600000, 0x0000000084600000|100%| O|  |TAMS 0x0000000084600000, 0x0000000084500000| Untracked 
|  70|0x0000000084600000, 0x0000000084700000, 0x0000000084700000|100%| O|  |TAMS 0x0000000084700000, 0x0000000084600000| Untracked 
|  71|0x0000000084700000, 0x0000000084800000, 0x0000000084800000|100%| O|  |TAMS 0x0000000084800000, 0x0000000084700000| Untracked 
|  72|0x0000000084800000, 0x0000000084900000, 0x0000000084900000|100%| O|  |TAMS 0x0000000084900000, 0x0000000084800000| Untracked 
|  73|0x0000000084900000, 0x0000000084a00000, 0x0000000084a00000|100%| O|  |TAMS 0x0000000084a00000, 0x0000000084900000| Untracked 
|  74|0x0000000084a00000, 0x0000000084b00000, 0x0000000084b00000|100%| O|  |TAMS 0x0000000084b00000, 0x0000000084a00000| Untracked 
|  75|0x0000000084b00000, 0x0000000084c00000, 0x0000000084c00000|100%| O|  |TAMS 0x0000000084c00000, 0x0000000084b00000| Untracked 
|  76|0x0000000084c00000, 0x0000000084d00000, 0x0000000084d00000|100%| O|  |TAMS 0x0000000084d00000, 0x0000000084c00000| Untracked 
|  77|0x0000000084d00000, 0x0000000084e00000, 0x0000000084e00000|100%| O|  |TAMS 0x0000000084e00000, 0x0000000084d00000| Untracked 
|  78|0x0000000084e00000, 0x0000000084f00000, 0x0000000084f00000|100%| O|  |TAMS 0x0000000084f00000, 0x0000000084e00000| Untracked 
|  79|0x0000000084f00000, 0x0000000085000000, 0x0000000085000000|100%| O|  |TAMS 0x0000000085000000, 0x0000000084f00000| Untracked 
|  80|0x0000000085000000, 0x0000000085100000, 0x0000000085100000|100%| O|  |TAMS 0x0000000085100000, 0x0000000085000000| Untracked 
|  81|0x0000000085100000, 0x0000000085200000, 0x0000000085200000|100%| O|  |TAMS 0x0000000085200000, 0x0000000085100000| Untracked 
|  82|0x0000000085200000, 0x0000000085300000, 0x0000000085300000|100%| O|  |TAMS 0x0000000085300000, 0x0000000085200000| Untracked 
|  83|0x0000000085300000, 0x0000000085400000, 0x0000000085400000|100%| O|  |TAMS 0x0000000085400000, 0x0000000085300000| Untracked 
|  84|0x0000000085400000, 0x0000000085500000, 0x0000000085500000|100%| O|  |TAMS 0x0000000085500000, 0x0000000085400000| Untracked 
|  85|0x0000000085500000, 0x0000000085600000, 0x0000000085600000|100%| O|  |TAMS 0x0000000085600000, 0x0000000085500000| Untracked 
|  86|0x0000000085600000, 0x0000000085700000, 0x0000000085700000|100%| O|  |TAMS 0x0000000085700000, 0x0000000085600000| Untracked 
|  87|0x0000000085700000, 0x0000000085800000, 0x0000000085800000|100%| O|  |TAMS 0x0000000085800000, 0x0000000085700000| Untracked 
|  88|0x0000000085800000, 0x0000000085900000, 0x0000000085900000|100%| O|  |TAMS 0x0000000085900000, 0x0000000085800000| Untracked 
|  89|0x0000000085900000, 0x0000000085a00000, 0x0000000085a00000|100%| O|  |TAMS 0x0000000085a00000, 0x0000000085900000| Untracked 
|  90|0x0000000085a00000, 0x0000000085b00000, 0x0000000085b00000|100%| O|  |TAMS 0x0000000085b00000, 0x0000000085a00000| Untracked 
|  91|0x0000000085b00000, 0x0000000085c00000, 0x0000000085c00000|100%| O|  |TAMS 0x0000000085c00000, 0x0000000085b00000| Untracked 
|  92|0x0000000085c00000, 0x0000000085d00000, 0x0000000085d00000|100%| O|  |TAMS 0x0000000085d00000, 0x0000000085c00000| Untracked 
|  93|0x0000000085d00000, 0x0000000085e00000, 0x0000000085e00000|100%| O|  |TAMS 0x0000000085e00000, 0x0000000085d00000| Untracked 
|  94|0x0000000085e00000, 0x0000000085f00000, 0x0000000085f00000|100%| O|  |TAMS 0x0000000085f00000, 0x0000000085e00000| Untracked 
|  95|0x0000000085f00000, 0x0000000086000000, 0x0000000086000000|100%| O|  |TAMS 0x0000000086000000, 0x0000000085f00000| Untracked 
|  96|0x0000000086000000, 0x0000000086100000, 0x0000000086100000|100%| O|  |TAMS 0x0000000086100000, 0x0000000086000000| Untracked 
|  97|0x0000000086100000, 0x0000000086200000, 0x0000000086200000|100%| O|  |TAMS 0x0000000086200000, 0x0000000086100000| Untracked 
|  98|0x0000000086200000, 0x0000000086300000, 0x0000000086300000|100%| O|  |TAMS 0x0000000086300000, 0x0000000086200000| Untracked 
|  99|0x0000000086300000, 0x0000000086400000, 0x0000000086400000|100%| O|  |TAMS 0x0000000086400000, 0x0000000086300000| Untracked 
| 100|0x0000000086400000, 0x0000000086500000, 0x0000000086500000|100%| O|  |TAMS 0x0000000086500000, 0x0000000086400000| Untracked 
| 101|0x0000000086500000, 0x0000000086600000, 0x0000000086600000|100%| O|  |TAMS 0x0000000086600000, 0x0000000086500000| Untracked 
| 102|0x0000000086600000, 0x0000000086700000, 0x0000000086700000|100%| O|  |TAMS 0x0000000086700000, 0x0000000086600000| Untracked 
| 103|0x0000000086700000, 0x0000000086800000, 0x0000000086800000|100%| O|  |TAMS 0x0000000086800000, 0x0000000086700000| Untracked 
| 104|0x0000000086800000, 0x0000000086900000, 0x0000000086900000|100%| O|  |TAMS 0x0000000086900000, 0x0000000086800000| Untracked 
| 105|0x0000000086900000, 0x0000000086a00000, 0x0000000086a00000|100%| O|  |TAMS 0x0000000086a00000, 0x0000000086900000| Untracked 
| 106|0x0000000086a00000, 0x0000000086b00000, 0x0000000086b00000|100%| O|  |TAMS 0x0000000086b00000, 0x0000000086a00000| Untracked 
| 107|0x0000000086b00000, 0x0000000086c00000, 0x0000000086c00000|100%| O|  |TAMS 0x0000000086c00000, 0x0000000086b00000| Untracked 
| 108|0x0000000086c00000, 0x0000000086d00000, 0x0000000086d00000|100%| O|  |TAMS 0x0000000086d00000, 0x0000000086c00000| Untracked 
| 109|0x0000000086d00000, 0x0000000086e00000, 0x0000000086e00000|100%| O|  |TAMS 0x0000000086e00000, 0x0000000086d00000| Untracked 
| 110|0x0000000086e00000, 0x0000000086f00000, 0x0000000086f00000|100%| O|  |TAMS 0x0000000086f00000, 0x0000000086e00000| Untracked 
| 111|0x0000000086f00000, 0x0000000087000000, 0x0000000087000000|100%| O|  |TAMS 0x0000000087000000, 0x0000000086f00000| Untracked 
| 112|0x0000000087000000, 0x0000000087100000, 0x0000000087100000|100%| O|  |TAMS 0x0000000087100000, 0x0000000087000000| Untracked 
| 113|0x0000000087100000, 0x0000000087200000, 0x0000000087200000|100%| O|  |TAMS 0x0000000087200000, 0x0000000087100000| Untracked 
| 114|0x0000000087200000, 0x0000000087300000, 0x0000000087300000|100%| O|  |TAMS 0x0000000087300000, 0x0000000087200000| Untracked 
| 115|0x0000000087300000, 0x0000000087400000, 0x0000000087400000|100%| O|  |TAMS 0x0000000087400000, 0x0000000087300000| Untracked 
| 116|0x0000000087400000, 0x0000000087400000, 0x0000000087500000|  0%| F|  |TAMS 0x0000000087400000, 0x0000000087400000| Untracked 
| 117|0x0000000087500000, 0x0000000087500000, 0x0000000087600000|  0%| F|  |TAMS 0x0000000087500000, 0x0000000087500000| Untracked 
| 118|0x0000000087600000, 0x0000000087700000, 0x0000000087700000|100%| O|  |TAMS 0x0000000087700000, 0x0000000087600000| Untracked 
| 119|0x0000000087700000, 0x0000000087800000, 0x0000000087800000|100%| O|  |TAMS 0x0000000087800000, 0x0000000087700000| Untracked 
| 120|0x0000000087800000, 0x0000000087900000, 0x0000000087900000|100%| O|  |TAMS 0x0000000087800000, 0x0000000087800000| Untracked 
| 121|0x0000000087900000, 0x0000000087a00000, 0x0000000087a00000|100%| O|  |TAMS 0x0000000087900000, 0x0000000087900000| Untracked 
| 122|0x0000000087a00000, 0x0000000087b00000, 0x0000000087b00000|100%| O|  |TAMS 0x0000000087a28400, 0x0000000087a00000| Untracked 
| 123|0x0000000087b00000, 0x0000000087c00000, 0x0000000087c00000|100%| O|  |TAMS 0x0000000087b00000, 0x0000000087b00000| Untracked 
| 124|0x0000000087c00000, 0x0000000087d00000, 0x0000000087d00000|100%| O|  |TAMS 0x0000000087d00000, 0x0000000087c00000| Untracked 
| 125|0x0000000087d00000, 0x0000000087d00000, 0x0000000087e00000|  0%| F|  |TAMS 0x0000000087d00000, 0x0000000087d00000| Untracked 
| 126|0x0000000087e00000, 0x0000000087f00000, 0x0000000087f00000|100%| O|  |TAMS 0x0000000087e00000, 0x0000000087e00000| Untracked 
| 127|0x0000000087f00000, 0x0000000088000000, 0x0000000088000000|100%| O|  |TAMS 0x0000000087f00000, 0x0000000087f00000| Untracked 
| 128|0x0000000088000000, 0x0000000088077800, 0x0000000088100000| 46%| O|  |TAMS 0x0000000088000000, 0x0000000088000000| Untracked 
| 129|0x0000000088100000, 0x0000000088100000, 0x0000000088200000|  0%| F|  |TAMS 0x0000000088100000, 0x0000000088100000| Untracked 
| 130|0x0000000088200000, 0x0000000088200000, 0x0000000088300000|  0%| F|  |TAMS 0x0000000088200000, 0x0000000088200000| Untracked 
| 131|0x0000000088300000, 0x0000000088300000, 0x0000000088400000|  0%| F|  |TAMS 0x0000000088300000, 0x0000000088300000| Untracked 
| 132|0x0000000088400000, 0x0000000088500000, 0x0000000088500000|100%| O|  |TAMS 0x0000000088400000, 0x0000000088400000| Untracked 
| 133|0x0000000088500000, 0x0000000088600000, 0x0000000088600000|100%| O|  |TAMS 0x0000000088500000, 0x0000000088500000| Untracked 
| 134|0x0000000088600000, 0x0000000088600000, 0x0000000088700000|  0%| F|  |TAMS 0x0000000088600000, 0x0000000088600000| Untracked 
| 135|0x0000000088700000, 0x0000000088700000, 0x0000000088800000|  0%| F|  |TAMS 0x0000000088700000, 0x0000000088700000| Untracked 
| 136|0x0000000088800000, 0x0000000088800000, 0x0000000088900000|  0%| F|  |TAMS 0x0000000088800000, 0x0000000088800000| Untracked 
| 137|0x0000000088900000, 0x0000000088900000, 0x0000000088a00000|  0%| F|  |TAMS 0x0000000088900000, 0x0000000088900000| Untracked 
| 138|0x0000000088a00000, 0x0000000088a00000, 0x0000000088b00000|  0%| F|  |TAMS 0x0000000088a00000, 0x0000000088a00000| Untracked 
| 139|0x0000000088b00000, 0x0000000088b00000, 0x0000000088c00000|  0%| F|  |TAMS 0x0000000088b00000, 0x0000000088b00000| Untracked 
| 140|0x0000000088c00000, 0x0000000088c00000, 0x0000000088d00000|  0%| F|  |TAMS 0x0000000088c00000, 0x0000000088c00000| Untracked 
| 141|0x0000000088d00000, 0x0000000088d00000, 0x0000000088e00000|  0%| F|  |TAMS 0x0000000088d00000, 0x0000000088d00000| Untracked 
| 142|0x0000000088e00000, 0x0000000088f00000, 0x0000000088f00000|100%| O|  |TAMS 0x0000000088e00000, 0x0000000088e00000| Untracked 
| 143|0x0000000088f00000, 0x0000000089000000, 0x0000000089000000|100%| O|  |TAMS 0x0000000088f00000, 0x0000000088f00000| Untracked 
| 144|0x0000000089000000, 0x0000000089000000, 0x0000000089100000|  0%| F|  |TAMS 0x0000000089000000, 0x0000000089000000| Untracked 
| 145|0x0000000089100000, 0x0000000089100000, 0x0000000089200000|  0%| F|  |TAMS 0x0000000089100000, 0x0000000089100000| Untracked 
| 146|0x0000000089200000, 0x0000000089200000, 0x0000000089300000|  0%| F|  |TAMS 0x0000000089200000, 0x0000000089200000| Untracked 
| 147|0x0000000089300000, 0x0000000089300000, 0x0000000089400000|  0%| F|  |TAMS 0x0000000089300000, 0x0000000089300000| Untracked 
| 148|0x0000000089400000, 0x0000000089400000, 0x0000000089500000|  0%| F|  |TAMS 0x0000000089400000, 0x0000000089400000| Untracked 
| 149|0x0000000089500000, 0x0000000089500000, 0x0000000089600000|  0%| F|  |TAMS 0x0000000089500000, 0x0000000089500000| Untracked 
| 150|0x0000000089600000, 0x0000000089600000, 0x0000000089700000|  0%| F|  |TAMS 0x0000000089600000, 0x0000000089600000| Untracked 
| 151|0x0000000089700000, 0x0000000089700000, 0x0000000089800000|  0%| F|  |TAMS 0x0000000089700000, 0x0000000089700000| Untracked 
| 152|0x0000000089800000, 0x0000000089800000, 0x0000000089900000|  0%| F|  |TAMS 0x0000000089800000, 0x0000000089800000| Untracked 
| 153|0x0000000089900000, 0x0000000089900000, 0x0000000089a00000|  0%| F|  |TAMS 0x0000000089900000, 0x0000000089900000| Untracked 
| 154|0x0000000089a00000, 0x0000000089a00000, 0x0000000089b00000|  0%| F|  |TAMS 0x0000000089a00000, 0x0000000089a00000| Untracked 
| 155|0x0000000089b00000, 0x0000000089b00000, 0x0000000089c00000|  0%| F|  |TAMS 0x0000000089b00000, 0x0000000089b00000| Untracked 
| 156|0x0000000089c00000, 0x0000000089c00000, 0x0000000089d00000|  0%| F|  |TAMS 0x0000000089c00000, 0x0000000089c00000| Untracked 
| 157|0x0000000089d00000, 0x0000000089d00000, 0x0000000089e00000|  0%| F|  |TAMS 0x0000000089d00000, 0x0000000089d00000| Untracked 
| 158|0x0000000089e00000, 0x0000000089e00000, 0x0000000089f00000|  0%| F|  |TAMS 0x0000000089e00000, 0x0000000089e00000| Untracked 
| 159|0x0000000089f00000, 0x0000000089f00000, 0x000000008a000000|  0%| F|  |TAMS 0x0000000089f00000, 0x0000000089f00000| Untracked 
| 160|0x000000008a000000, 0x000000008a000000, 0x000000008a100000|  0%| F|  |TAMS 0x000000008a000000, 0x000000008a000000| Untracked 
| 161|0x000000008a100000, 0x000000008a100000, 0x000000008a200000|  0%| F|  |TAMS 0x000000008a100000, 0x000000008a100000| Untracked 
| 162|0x000000008a200000, 0x000000008a200000, 0x000000008a300000|  0%| F|  |TAMS 0x000000008a200000, 0x000000008a200000| Untracked 
| 163|0x000000008a300000, 0x000000008a300000, 0x000000008a400000|  0%| F|  |TAMS 0x000000008a300000, 0x000000008a300000| Untracked 
| 164|0x000000008a400000, 0x000000008a400000, 0x000000008a500000|  0%| F|  |TAMS 0x000000008a400000, 0x000000008a400000| Untracked 
| 165|0x000000008a500000, 0x000000008a500000, 0x000000008a600000|  0%| F|  |TAMS 0x000000008a500000, 0x000000008a500000| Untracked 
| 166|0x000000008a600000, 0x000000008a600000, 0x000000008a700000|  0%| F|  |TAMS 0x000000008a600000, 0x000000008a600000| Untracked 
| 167|0x000000008a700000, 0x000000008a700000, 0x000000008a800000|  0%| F|  |TAMS 0x000000008a700000, 0x000000008a700000| Untracked 
| 168|0x000000008a800000, 0x000000008a800000, 0x000000008a900000|  0%| F|  |TAMS 0x000000008a800000, 0x000000008a800000| Untracked 
| 169|0x000000008a900000, 0x000000008a900000, 0x000000008aa00000|  0%| F|  |TAMS 0x000000008a900000, 0x000000008a900000| Untracked 
| 170|0x000000008aa00000, 0x000000008aa00000, 0x000000008ab00000|  0%| F|  |TAMS 0x000000008aa00000, 0x000000008aa00000| Untracked 
| 171|0x000000008ab00000, 0x000000008ab00000, 0x000000008ac00000|  0%| F|  |TAMS 0x000000008ab00000, 0x000000008ab00000| Untracked 
| 172|0x000000008ac00000, 0x000000008ac00000, 0x000000008ad00000|  0%| F|  |TAMS 0x000000008ac00000, 0x000000008ac00000| Untracked 
| 173|0x000000008ad00000, 0x000000008ad00000, 0x000000008ae00000|  0%| F|  |TAMS 0x000000008ad00000, 0x000000008ad00000| Untracked 
| 174|0x000000008ae00000, 0x000000008ae00000, 0x000000008af00000|  0%| F|  |TAMS 0x000000008ae00000, 0x000000008ae00000| Untracked 
| 175|0x000000008af00000, 0x000000008af00000, 0x000000008b000000|  0%| F|  |TAMS 0x000000008af00000, 0x000000008af00000| Untracked 
| 176|0x000000008b000000, 0x000000008b000000, 0x000000008b100000|  0%| F|  |TAMS 0x000000008b000000, 0x000000008b000000| Untracked 
| 177|0x000000008b100000, 0x000000008b100000, 0x000000008b200000|  0%| F|  |TAMS 0x000000008b100000, 0x000000008b100000| Untracked 
| 178|0x000000008b200000, 0x000000008b200000, 0x000000008b300000|  0%| F|  |TAMS 0x000000008b200000, 0x000000008b200000| Untracked 
| 179|0x000000008b300000, 0x000000008b300000, 0x000000008b400000|  0%| F|  |TAMS 0x000000008b300000, 0x000000008b300000| Untracked 
| 180|0x000000008b400000, 0x000000008b400000, 0x000000008b500000|  0%| F|  |TAMS 0x000000008b400000, 0x000000008b400000| Untracked 
| 181|0x000000008b500000, 0x000000008b500000, 0x000000008b600000|  0%| F|  |TAMS 0x000000008b500000, 0x000000008b500000| Untracked 
| 182|0x000000008b600000, 0x000000008b600000, 0x000000008b700000|  0%| F|  |TAMS 0x000000008b600000, 0x000000008b600000| Untracked 
| 183|0x000000008b700000, 0x000000008b700000, 0x000000008b800000|  0%| F|  |TAMS 0x000000008b700000, 0x000000008b700000| Untracked 
| 184|0x000000008b800000, 0x000000008b800000, 0x000000008b900000|  0%| F|  |TAMS 0x000000008b800000, 0x000000008b800000| Untracked 
| 185|0x000000008b900000, 0x000000008b900000, 0x000000008ba00000|  0%| F|  |TAMS 0x000000008b900000, 0x000000008b900000| Untracked 
| 186|0x000000008ba00000, 0x000000008ba00000, 0x000000008bb00000|  0%| F|  |TAMS 0x000000008ba00000, 0x000000008ba00000| Untracked 
| 187|0x000000008bb00000, 0x000000008bb00000, 0x000000008bc00000|  0%| F|  |TAMS 0x000000008bb00000, 0x000000008bb00000| Untracked 
| 188|0x000000008bc00000, 0x000000008bc00000, 0x000000008bd00000|  0%| F|  |TAMS 0x000000008bc00000, 0x000000008bc00000| Untracked 
| 189|0x000000008bd00000, 0x000000008bd00000, 0x000000008be00000|  0%| F|  |TAMS 0x000000008bd00000, 0x000000008bd00000| Untracked 
| 190|0x000000008be00000, 0x000000008be00000, 0x000000008bf00000|  0%| F|  |TAMS 0x000000008be00000, 0x000000008be00000| Untracked 
| 191|0x000000008bf00000, 0x000000008bf00000, 0x000000008c000000|  0%| F|  |TAMS 0x000000008bf00000, 0x000000008bf00000| Untracked 
| 192|0x000000008c000000, 0x000000008c000000, 0x000000008c100000|  0%| F|  |TAMS 0x000000008c000000, 0x000000008c000000| Untracked 
| 193|0x000000008c100000, 0x000000008c100000, 0x000000008c200000|  0%| F|  |TAMS 0x000000008c100000, 0x000000008c100000| Untracked 
| 194|0x000000008c200000, 0x000000008c200000, 0x000000008c300000|  0%| F|  |TAMS 0x000000008c200000, 0x000000008c200000| Untracked 
| 195|0x000000008c300000, 0x000000008c300000, 0x000000008c400000|  0%| F|  |TAMS 0x000000008c300000, 0x000000008c300000| Untracked 
| 196|0x000000008c400000, 0x000000008c400000, 0x000000008c500000|  0%| F|  |TAMS 0x000000008c400000, 0x000000008c400000| Untracked 
| 197|0x000000008c500000, 0x000000008c500000, 0x000000008c600000|  0%| F|  |TAMS 0x000000008c500000, 0x000000008c500000| Untracked 
| 198|0x000000008c600000, 0x000000008c600000, 0x000000008c700000|  0%| F|  |TAMS 0x000000008c600000, 0x000000008c600000| Untracked 
| 199|0x000000008c700000, 0x000000008c700000, 0x000000008c800000|  0%| F|  |TAMS 0x000000008c700000, 0x000000008c700000| Untracked 
| 200|0x000000008c800000, 0x000000008c800000, 0x000000008c900000|  0%| F|  |TAMS 0x000000008c800000, 0x000000008c800000| Untracked 
| 201|0x000000008c900000, 0x000000008c900000, 0x000000008ca00000|  0%| F|  |TAMS 0x000000008c900000, 0x000000008c900000| Untracked 
| 202|0x000000008ca00000, 0x000000008ca00000, 0x000000008cb00000|  0%| F|  |TAMS 0x000000008ca00000, 0x000000008ca00000| Untracked 
| 203|0x000000008cb00000, 0x000000008cb00000, 0x000000008cc00000|  0%| F|  |TAMS 0x000000008cb00000, 0x000000008cb00000| Untracked 
| 204|0x000000008cc00000, 0x000000008cc00000, 0x000000008cd00000|  0%| F|  |TAMS 0x000000008cc00000, 0x000000008cc00000| Untracked 
| 205|0x000000008cd00000, 0x000000008cd00000, 0x000000008ce00000|  0%| F|  |TAMS 0x000000008cd00000, 0x000000008cd00000| Untracked 
| 206|0x000000008ce00000, 0x000000008ce00000, 0x000000008cf00000|  0%| F|  |TAMS 0x000000008ce00000, 0x000000008ce00000| Untracked 
| 207|0x000000008cf00000, 0x000000008cf00000, 0x000000008d000000|  0%| F|  |TAMS 0x000000008cf00000, 0x000000008cf00000| Untracked 
| 208|0x000000008d000000, 0x000000008d000000, 0x000000008d100000|  0%| F|  |TAMS 0x000000008d000000, 0x000000008d000000| Untracked 
| 209|0x000000008d100000, 0x000000008d100000, 0x000000008d200000|  0%| F|  |TAMS 0x000000008d100000, 0x000000008d100000| Untracked 
| 210|0x000000008d200000, 0x000000008d200000, 0x000000008d300000|  0%| F|  |TAMS 0x000000008d200000, 0x000000008d200000| Untracked 
| 211|0x000000008d300000, 0x000000008d300000, 0x000000008d400000|  0%| F|  |TAMS 0x000000008d300000, 0x000000008d300000| Untracked 
| 212|0x000000008d400000, 0x000000008d400000, 0x000000008d500000|  0%| F|  |TAMS 0x000000008d400000, 0x000000008d400000| Untracked 
| 213|0x000000008d500000, 0x000000008d500000, 0x000000008d600000|  0%| F|  |TAMS 0x000000008d500000, 0x000000008d500000| Untracked 
| 214|0x000000008d600000, 0x000000008d600000, 0x000000008d700000|  0%| F|  |TAMS 0x000000008d600000, 0x000000008d600000| Untracked 
| 215|0x000000008d700000, 0x000000008d700000, 0x000000008d800000|  0%| F|  |TAMS 0x000000008d700000, 0x000000008d700000| Untracked 
| 216|0x000000008d800000, 0x000000008d800000, 0x000000008d900000|  0%| F|  |TAMS 0x000000008d800000, 0x000000008d800000| Untracked 
| 217|0x000000008d900000, 0x000000008d900000, 0x000000008da00000|  0%| F|  |TAMS 0x000000008d900000, 0x000000008d900000| Untracked 
| 218|0x000000008da00000, 0x000000008da00000, 0x000000008db00000|  0%| F|  |TAMS 0x000000008da00000, 0x000000008da00000| Untracked 
| 219|0x000000008db00000, 0x000000008db00000, 0x000000008dc00000|  0%| F|  |TAMS 0x000000008db00000, 0x000000008db00000| Untracked 
| 220|0x000000008dc00000, 0x000000008dc00000, 0x000000008dd00000|  0%| F|  |TAMS 0x000000008dc00000, 0x000000008dc00000| Untracked 
| 221|0x000000008dd00000, 0x000000008dd00000, 0x000000008de00000|  0%| F|  |TAMS 0x000000008dd00000, 0x000000008dd00000| Untracked 
| 222|0x000000008de00000, 0x000000008de00000, 0x000000008df00000|  0%| F|  |TAMS 0x000000008de00000, 0x000000008de00000| Untracked 
| 223|0x000000008df00000, 0x000000008df00000, 0x000000008e000000|  0%| F|  |TAMS 0x000000008df00000, 0x000000008df00000| Untracked 
| 224|0x000000008e000000, 0x000000008e000000, 0x000000008e100000|  0%| F|  |TAMS 0x000000008e000000, 0x000000008e000000| Untracked 
| 225|0x000000008e100000, 0x000000008e100000, 0x000000008e200000|  0%| F|  |TAMS 0x000000008e100000, 0x000000008e100000| Untracked 
| 226|0x000000008e200000, 0x000000008e200000, 0x000000008e300000|  0%| F|  |TAMS 0x000000008e200000, 0x000000008e200000| Untracked 
| 227|0x000000008e300000, 0x000000008e300000, 0x000000008e400000|  0%| F|  |TAMS 0x000000008e300000, 0x000000008e300000| Untracked 
| 228|0x000000008e400000, 0x000000008e400000, 0x000000008e500000|  0%| F|  |TAMS 0x000000008e400000, 0x000000008e400000| Untracked 
| 229|0x000000008e500000, 0x000000008e500000, 0x000000008e600000|  0%| F|  |TAMS 0x000000008e500000, 0x000000008e500000| Untracked 
| 230|0x000000008e600000, 0x000000008e600000, 0x000000008e700000|  0%| F|  |TAMS 0x000000008e600000, 0x000000008e600000| Untracked 
| 231|0x000000008e700000, 0x000000008e718300, 0x000000008e800000|  9%| S|CS|TAMS 0x000000008e700000, 0x000000008e700000| Complete 
| 232|0x000000008e800000, 0x000000008e900000, 0x000000008e900000|100%| S|CS|TAMS 0x000000008e800000, 0x000000008e800000| Complete 
| 233|0x000000008e900000, 0x000000008e900000, 0x000000008ea00000|  0%| F|  |TAMS 0x000000008e900000, 0x000000008e900000| Untracked 
| 234|0x000000008ea00000, 0x000000008ea00000, 0x000000008eb00000|  0%| F|  |TAMS 0x000000008ea00000, 0x000000008ea00000| Untracked 
| 235|0x000000008eb00000, 0x000000008eb00000, 0x000000008ec00000|  0%| F|  |TAMS 0x000000008eb00000, 0x000000008eb00000| Untracked 
| 236|0x000000008ec00000, 0x000000008ec00000, 0x000000008ed00000|  0%| F|  |TAMS 0x000000008ec00000, 0x000000008ec00000| Untracked 
| 237|0x000000008ed00000, 0x000000008ed00000, 0x000000008ee00000|  0%| F|  |TAMS 0x000000008ed00000, 0x000000008ed00000| Untracked 
| 238|0x000000008ee00000, 0x000000008ee00000, 0x000000008ef00000|  0%| F|  |TAMS 0x000000008ee00000, 0x000000008ee00000| Untracked 
| 239|0x000000008ef00000, 0x000000008ef00000, 0x000000008f000000|  0%| F|  |TAMS 0x000000008ef00000, 0x000000008ef00000| Untracked 
| 240|0x000000008f000000, 0x000000008f000000, 0x000000008f100000|  0%| F|  |TAMS 0x000000008f000000, 0x000000008f000000| Untracked 
| 241|0x000000008f100000, 0x000000008f100000, 0x000000008f200000|  0%| F|  |TAMS 0x000000008f100000, 0x000000008f100000| Untracked 
| 242|0x000000008f200000, 0x000000008f200000, 0x000000008f300000|  0%| F|  |TAMS 0x000000008f200000, 0x000000008f200000| Untracked 
| 243|0x000000008f300000, 0x000000008f300000, 0x000000008f400000|  0%| F|  |TAMS 0x000000008f300000, 0x000000008f300000| Untracked 
| 244|0x000000008f400000, 0x000000008f400000, 0x000000008f500000|  0%| F|  |TAMS 0x000000008f400000, 0x000000008f400000| Untracked 

Card table byte_map: [0x0000012b4d310000,0x0000012b4d710000] _byte_map_base: 0x0000012b4cf10000

Marking Bits (Prev, Next): (CMBitMap*) 0x0000012b3a776150, (CMBitMap*) 0x0000012b3a776190
 Prev Bits: [0x0000012b4db10000, 0x0000012b4fb10000)
 Next Bits: [0x0000012b4fb10000, 0x0000012b51b10000)

Polling page: 0x0000012b39ee0000

Metaspace:

Usage:
  Non-class:     95.39 MB used.
      Class:     14.63 MB used.
       Both:    110.02 MB used.

Virtual space:
  Non-class space:       96.00 MB reserved,      95.75 MB (>99%) committed,  12 nodes.
      Class space:        1.00 GB reserved,      14.94 MB (  1%) committed,  1 nodes.
             Both:        1.09 GB reserved,     110.69 MB ( 10%) committed. 

Chunk freelists:
   Non-Class:  96.00 KB
       Class:  1.09 MB
        Both:  1.19 MB

MaxMetaspaceSize: unlimited
CompressedClassSpaceSize: 1.00 GB
Initial GC threshold: 21.00 MB
Current GC threshold: 181.25 MB
CDS: off
MetaspaceReclaimPolicy: balanced
 - commit_granule_bytes: 65536.
 - commit_granule_words: 8192.
 - virtual_space_node_default_size: 1048576.
 - enlarge_chunks_in_place: 1.
 - new_chunks_are_fully_committed: 0.
 - uncommit_free_chunks: 1.
 - use_allocation_guard: 0.
 - handle_deallocations: 1.


Internal statistics:

num_allocs_failed_limit: 6.
num_arena_births: 1090.
num_arena_deaths: 18.
num_vsnodes_births: 13.
num_vsnodes_deaths: 0.
num_space_committed: 1769.
num_space_uncommitted: 0.
num_chunks_returned_to_freelist: 30.
num_chunks_taken_from_freelist: 5110.
num_chunk_merges: 14.
num_chunk_splits: 3400.
num_chunks_enlarged: 2329.
num_purges: 2.
num_inconsistent_stats: 0.

CodeHeap 'non-profiled nmethods': size=120000Kb used=7110Kb max_used=7110Kb free=112889Kb
 bounds [0x0000012b456b0000, 0x0000012b45db0000, 0x0000012b4cbe0000]
CodeHeap 'profiled nmethods': size=120000Kb used=22658Kb max_used=22658Kb free=97341Kb
 bounds [0x0000012b3dbe0000, 0x0000012b3f210000, 0x0000012b45110000]
CodeHeap 'non-nmethods': size=5760Kb used=2449Kb max_used=2499Kb free=3310Kb
 bounds [0x0000012b45110000, 0x0000012b453a0000, 0x0000012b456b0000]
 total_blobs=12619 nmethods=11626 adapters=905
 compilation: enabled
              stopped_count=0, restarted_count=0
 full_count=0

Compilation events (20 events):
Event: 47.297 Thread 0x0000012b55045510 nmethod 13340% 0x0000012b3f1fb410 code [0x0000012b3f1fb6e0, 0x0000012b3f1fc488]
Event: 47.297 Thread 0x0000012b55045510 13339       2       com.sun.org.apache.xerces.internal.util.NamespaceSupport::<init> (81 bytes)
Event: 47.298 Thread 0x0000012b55045510 nmethod 13339 0x0000012b3f1fc990 code [0x0000012b3f1fcba0, 0x0000012b3f1fd178]
Event: 47.298 Thread 0x0000012b55045510 13314       2       com.android.aaptcompiler.ResourceTable::validateName (69 bytes)
Event: 47.299 Thread 0x0000012b55045510 nmethod 13314 0x0000012b3f1fd410 code [0x0000012b3f1fd620, 0x0000012b3f1fda48]
Event: 47.299 Thread 0x0000012b55045510 13315       2       com.android.aaptcompiler.ResourceTable$addResourceWithId$1::invoke (9 bytes)
Event: 47.300 Thread 0x0000012b55045510 nmethod 13315 0x0000012b3f1fdd10 code [0x0000012b3f1fdf40, 0x0000012b3f1fe428]
Event: 47.300 Thread 0x0000012b55045510 13321       2       com.android.aaptcompiler.Item::<init> (5 bytes)
Event: 47.300 Thread 0x0000012b55045510 nmethod 13321 0x0000012b3f1fe790 code [0x0000012b3f1fe920, 0x0000012b3f1feaf8]
Event: 47.300 Thread 0x0000012b55045510 13334       2       com.android.aaptcompiler.ResourceTable::findPackage (70 bytes)
Event: 47.300 Thread 0x0000012b5b485440 nmethod 12918 0x0000012b45da1590 code [0x0000012b45da1720, 0x0000012b45da1908]
Event: 47.300 Thread 0x0000012b5b485440 12905 %     4       sun.nio.cs.UTF_8$Encoder::encodeArrayLoopSlow @ 0 (377 bytes)
Event: 47.300 Thread 0x0000012b55045510 nmethod 13334 0x0000012b3f1feb90 code [0x0000012b3f1fedc0, 0x0000012b3f1ff2b8]
Event: 47.300 Thread 0x0000012b55045510 13336       2       com.android.aaptcompiler.ResourceGroup::findEntry (75 bytes)
Event: 47.301 Thread 0x0000012b55045510 nmethod 13336 0x0000012b3f1ff610 code [0x0000012b3f1ff840, 0x0000012b3f1ffd28]
Event: 47.301 Thread 0x0000012b55045510 13337       2       kotlin.comparisons.ComparisonsKt__ComparisonsKt$$Lambda$1324/0x0000000100e11c30::compare (10 bytes)
Event: 47.301 Thread 0x0000012b55045510 nmethod 13337 0x0000012b3f200010 code [0x0000012b3f2001a0, 0x0000012b3f2002c8]
Event: 47.301 Thread 0x0000012b55045510 13338       2       kotlin.comparisons.ComparisonsKt__ComparisonsKt::nullsFirst$lambda$3$ComparisonsKt__ComparisonsKt (41 bytes)
Event: 47.302 Thread 0x0000012b55045510 nmethod 13338 0x0000012b3f200390 code [0x0000012b3f200580, 0x0000012b3f200888]
Event: 47.302 Thread 0x0000012b55045510 13342       2       com.android.aaptcompiler.ResourceTable::findOrCreatePackage (44 bytes)

GC Heap History (20 events):
Event: 35.397 GC heap after
{Heap after GC invocations=40 (full 0):
 garbage-first heap   total 181248K, used 79693K [0x0000000080000000, 0x0000000100000000)
  region size 1024K, 9 young (9216K), 9 survivors (9216K)
 Metaspace       used 98232K, committed 98880K, reserved 1138688K
  class space    used 13274K, committed 13568K, reserved 1048576K
}
Event: 37.029 GC heap before
{Heap before GC invocations=40 (full 0):
 garbage-first heap   total 181248K, used 144205K [0x0000000080000000, 0x0000000100000000)
  region size 1024K, 72 young (73728K), 9 survivors (9216K)
 Metaspace       used 100295K, committed 100928K, reserved 1138688K
  class space    used 13549K, committed 13824K, reserved 1048576K
}
Event: 37.052 GC heap after
{Heap after GC invocations=41 (full 0):
 garbage-first heap   total 181248K, used 88565K [0x0000000080000000, 0x0000000100000000)
  region size 1024K, 9 young (9216K), 9 survivors (9216K)
 Metaspace       used 100295K, committed 100928K, reserved 1138688K
  class space    used 13549K, committed 13824K, reserved 1048576K
}
Event: 39.667 GC heap before
{Heap before GC invocations=41 (full 0):
 garbage-first heap   total 181248K, used 144885K [0x0000000080000000, 0x0000000100000000)
  region size 1024K, 64 young (65536K), 9 survivors (9216K)
 Metaspace       used 103837K, committed 104512K, reserved 1146880K
  class space    used 14010K, committed 14336K, reserved 1048576K
}
Event: 39.685 GC heap after
{Heap after GC invocations=42 (full 0):
 garbage-first heap   total 181248K, used 97921K [0x0000000080000000, 0x0000000100000000)
  region size 1024K, 8 young (8192K), 8 survivors (8192K)
 Metaspace       used 103837K, committed 104512K, reserved 1146880K
  class space    used 14010K, committed 14336K, reserved 1048576K
}
Event: 41.491 GC heap before
{Heap before GC invocations=42 (full 0):
 garbage-first heap   total 181248K, used 144001K [0x0000000080000000, 0x0000000100000000)
  region size 1024K, 54 young (55296K), 8 survivors (8192K)
 Metaspace       used 104181K, committed 104960K, reserved 1146880K
  class space    used 14023K, committed 14400K, reserved 1048576K
}
Event: 41.505 GC heap after
{Heap after GC invocations=43 (full 0):
 garbage-first heap   total 181248K, used 103196K [0x0000000080000000, 0x0000000100000000)
  region size 1024K, 6 young (6144K), 6 survivors (6144K)
 Metaspace       used 104181K, committed 104960K, reserved 1146880K
  class space    used 14023K, committed 14400K, reserved 1048576K
}
Event: 43.320 GC heap before
{Heap before GC invocations=44 (full 0):
 garbage-first heap   total 181248K, used 147228K [0x0000000080000000, 0x0000000100000000)
  region size 1024K, 48 young (49152K), 6 survivors (6144K)
 Metaspace       used 107390K, committed 108096K, reserved 1146880K
  class space    used 14458K, committed 14784K, reserved 1048576K
}
Event: 43.347 GC heap after
{Heap after GC invocations=45 (full 0):
 garbage-first heap   total 181248K, used 118125K [0x0000000080000000, 0x0000000100000000)
  region size 1024K, 6 young (6144K), 6 survivors (6144K)
 Metaspace       used 107390K, committed 108096K, reserved 1146880K
  class space    used 14458K, committed 14784K, reserved 1048576K
}
Event: 43.409 GC heap before
{Heap before GC invocations=45 (full 0):
 garbage-first heap   total 181248K, used 120173K [0x0000000080000000, 0x0000000100000000)
  region size 1024K, 8 young (8192K), 6 survivors (6144K)
 Metaspace       used 107411K, committed 108096K, reserved 1146880K
  class space    used 14458K, committed 14784K, reserved 1048576K
}
Event: 43.421 GC heap after
{Heap after GC invocations=46 (full 0):
 garbage-first heap   total 181248K, used 119404K [0x0000000080000000, 0x0000000100000000)
  region size 1024K, 1 young (1024K), 1 survivors (1024K)
 Metaspace       used 107411K, committed 108096K, reserved 1146880K
  class space    used 14458K, committed 14784K, reserved 1048576K
}
Event: 44.931 GC heap before
{Heap before GC invocations=46 (full 0):
 garbage-first heap   total 181248K, used 152172K [0x0000000080000000, 0x0000000100000000)
  region size 1024K, 26 young (26624K), 1 survivors (1024K)
 Metaspace       used 107693K, committed 108352K, reserved 1146880K
  class space    used 14478K, committed 14784K, reserved 1048576K
}
Event: 44.937 GC heap after
{Heap after GC invocations=47 (full 0):
 garbage-first heap   total 181248K, used 126969K [0x0000000080000000, 0x0000000100000000)
  region size 1024K, 4 young (4096K), 4 survivors (4096K)
 Metaspace       used 107693K, committed 108352K, reserved 1146880K
  class space    used 14478K, committed 14784K, reserved 1048576K
}
Event: 46.035 GC heap before
{Heap before GC invocations=47 (full 0):
 garbage-first heap   total 181248K, used 146425K [0x0000000080000000, 0x0000000100000000)
  region size 1024K, 24 young (24576K), 4 survivors (4096K)
 Metaspace       used 110296K, committed 111040K, reserved 1146880K
  class space    used 14780K, committed 15104K, reserved 1048576K
}
Event: 46.041 GC heap after
{Heap after GC invocations=48 (full 0):
 garbage-first heap   total 181248K, used 126824K [0x0000000080000000, 0x0000000100000000)
  region size 1024K, 2 young (2048K), 2 survivors (2048K)
 Metaspace       used 110296K, committed 111040K, reserved 1146880K
  class space    used 14780K, committed 15104K, reserved 1048576K
}
Event: 46.620 GC heap before
{Heap before GC invocations=48 (full 0):
 garbage-first heap   total 181248K, used 145256K [0x0000000080000000, 0x0000000100000000)
  region size 1024K, 15 young (15360K), 2 survivors (2048K)
 Metaspace       used 110399K, committed 111104K, reserved 1146880K
  class space    used 14786K, committed 15104K, reserved 1048576K
}
Event: 46.632 GC heap after
{Heap after GC invocations=49 (full 0):
 garbage-first heap   total 181248K, used 136480K [0x0000000080000000, 0x0000000100000000)
  region size 1024K, 3 young (3072K), 3 survivors (3072K)
 Metaspace       used 110399K, committed 111104K, reserved 1146880K
  class space    used 14786K, committed 15104K, reserved 1048576K
}
Event: 47.012 GC heap before
{Heap before GC invocations=50 (full 0):
 garbage-first heap   total 250880K, used 155936K [0x0000000080000000, 0x0000000100000000)
  region size 1024K, 13 young (13312K), 3 survivors (3072K)
 Metaspace       used 111058K, committed 111744K, reserved 1146880K
  class space    used 14848K, committed 15168K, reserved 1048576K
}
Event: 47.021 GC heap after
{Heap after GC invocations=51 (full 0):
 garbage-first heap   total 250880K, used 134180K [0x0000000080000000, 0x0000000100000000)
  region size 1024K, 2 young (2048K), 2 survivors (2048K)
 Metaspace       used 111058K, committed 111744K, reserved 1146880K
  class space    used 14848K, committed 15168K, reserved 1048576K
}
Event: 47.302 GC heap before
{Heap before GC invocations=51 (full 0):
 garbage-first heap   total 250880K, used 143396K [0x0000000080000000, 0x0000000100000000)
  region size 1024K, 12 young (12288K), 2 survivors (2048K)
 Metaspace       used 112664K, committed 113344K, reserved 1146880K
  class space    used 14984K, committed 15296K, reserved 1048576K
}

Dll operation events (2 events):
Event: 0.040 Loaded shared library C:\Program Files\Android\Android Studio\jbr\bin\java.dll
Event: 1.124 Loaded shared library C:\Program Files\Android\Android Studio\jbr\bin\verify.dll

Deoptimization events (20 events):
Event: 47.224 Thread 0x0000012b581c46e0 Uncommon trap: trap_request=0xffffffde fr.pc=0x0000012b45c72f2c relative=0x000000000000076c
Event: 47.224 Thread 0x0000012b581c46e0 Uncommon trap: reason=class_check action=maybe_recompile pc=0x0000012b45c72f2c method=org.gradle.tooling.internal.provider.runner.ClientBuildEventGenerator.finished(Lorg/gradle/internal/operations/BuildOperationDescriptor;Lorg/gradle/internal/operations/O
Event: 47.224 Thread 0x0000012b581c46e0 DEOPT PACKING pc=0x0000012b45c72f2c sp=0x000000220c2fe580
Event: 47.224 Thread 0x0000012b581c46e0 DEOPT UNPACKING pc=0x0000012b451669a3 sp=0x000000220c2fe4c0 mode 2
Event: 47.224 Thread 0x0000012b581c46e0 Uncommon trap: trap_request=0xffffffde fr.pc=0x0000012b45c72f2c relative=0x000000000000076c
Event: 47.224 Thread 0x0000012b581c46e0 Uncommon trap: reason=class_check action=maybe_recompile pc=0x0000012b45c72f2c method=org.gradle.tooling.internal.provider.runner.ClientBuildEventGenerator.finished(Lorg/gradle/internal/operations/BuildOperationDescriptor;Lorg/gradle/internal/operations/O
Event: 47.224 Thread 0x0000012b581c46e0 DEOPT PACKING pc=0x0000012b45c72f2c sp=0x000000220c2fe580
Event: 47.224 Thread 0x0000012b581c46e0 DEOPT UNPACKING pc=0x0000012b451669a3 sp=0x000000220c2fe4c0 mode 2
Event: 47.224 Thread 0x0000012b581c46e0 Uncommon trap: trap_request=0xffffffde fr.pc=0x0000012b45c72f2c relative=0x000000000000076c
Event: 47.224 Thread 0x0000012b581c46e0 Uncommon trap: reason=class_check action=maybe_recompile pc=0x0000012b45c72f2c method=org.gradle.tooling.internal.provider.runner.ClientBuildEventGenerator.finished(Lorg/gradle/internal/operations/BuildOperationDescriptor;Lorg/gradle/internal/operations/O
Event: 47.224 Thread 0x0000012b581c46e0 DEOPT PACKING pc=0x0000012b45c72f2c sp=0x000000220c2fe580
Event: 47.224 Thread 0x0000012b581c46e0 DEOPT UNPACKING pc=0x0000012b451669a3 sp=0x000000220c2fe4c0 mode 2
Event: 47.225 Thread 0x0000012b5d860830 DEOPT PACKING pc=0x0000012b3f187bd7 sp=0x000000220bdfd640
Event: 47.225 Thread 0x0000012b5d860830 DEOPT UNPACKING pc=0x0000012b45167143 sp=0x000000220bdfcbb8 mode 0
Event: 47.231 Thread 0x0000012b5d85f4f0 Uncommon trap: trap_request=0xffffffde fr.pc=0x0000012b45c72f2c relative=0x000000000000076c
Event: 47.231 Thread 0x0000012b5d85f4f0 Uncommon trap: reason=class_check action=maybe_recompile pc=0x0000012b45c72f2c method=org.gradle.tooling.internal.provider.runner.ClientBuildEventGenerator.finished(Lorg/gradle/internal/operations/BuildOperationDescriptor;Lorg/gradle/internal/operations/O
Event: 47.231 Thread 0x0000012b5d85f4f0 DEOPT PACKING pc=0x0000012b45c72f2c sp=0x000000220c1fe010
Event: 47.231 Thread 0x0000012b5d85f4f0 DEOPT UNPACKING pc=0x0000012b451669a3 sp=0x000000220c1fdf50 mode 2
Event: 47.241 Thread 0x0000012b581c2ed0 DEOPT PACKING pc=0x0000012b3f16ce27 sp=0x000000220c3fd600
Event: 47.241 Thread 0x0000012b581c2ed0 DEOPT UNPACKING pc=0x0000012b45167143 sp=0x000000220c3fcac0 mode 0

Classes unloaded (9 events):
Event: 46.846 Thread 0x0000012b5455b940 Unloading class 0x0000000100e20800 'java/lang/invoke/LambdaForm$DMH+0x0000000100e20800'
Event: 46.846 Thread 0x0000012b5455b940 Unloading class 0x0000000100e20400 'java/lang/invoke/LambdaForm$DMH+0x0000000100e20400'
Event: 46.846 Thread 0x0000012b5455b940 Unloading class 0x0000000100e11c00 'java/lang/invoke/LambdaForm$DMH+0x0000000100e11c00'
Event: 46.846 Thread 0x0000012b5455b940 Unloading class 0x0000000100e11800 'java/lang/invoke/LambdaForm$DMH+0x0000000100e11800'
Event: 46.846 Thread 0x0000012b5455b940 Unloading class 0x0000000100e11000 'java/lang/invoke/LambdaForm$DMH+0x0000000100e11000'
Event: 46.846 Thread 0x0000012b5455b940 Unloading class 0x0000000100e11400 'java/lang/invoke/LambdaForm$DMH+0x0000000100e11400'
Event: 46.846 Thread 0x0000012b5455b940 Unloading class 0x0000000100e10c00 'java/lang/invoke/LambdaForm$DMH+0x0000000100e10c00'
Event: 46.846 Thread 0x0000012b5455b940 Unloading class 0x0000000100e10800 'java/lang/invoke/LambdaForm$DMH+0x0000000100e10800'
Event: 46.846 Thread 0x0000012b5455b940 Unloading class 0x0000000100e10000 'java/lang/invoke/LambdaForm$DMH+0x0000000100e10000'

Classes redefined (0 events):
No events

Internal exceptions (20 events):
Event: 47.191 Thread 0x0000012b58596870 Exception <a 'sun/nio/fs/WindowsException'{0x000000008ee5c1a8}> (0x000000008ee5c1a8) 
thrown [s\src\hotspot\share\prims\jni.cpp, line 517]
Event: 47.191 Thread 0x0000012b58596870 Exception <a 'sun/nio/fs/WindowsException'{0x000000008ee5c640}> (0x000000008ee5c640) 
thrown [s\src\hotspot\share\prims\jni.cpp, line 517]
Event: 47.193 Thread 0x0000012b58596870 Exception <a 'sun/nio/fs/WindowsException'{0x000000008ee750e0}> (0x000000008ee750e0) 
thrown [s\src\hotspot\share\prims\jni.cpp, line 517]
Event: 47.193 Thread 0x0000012b58596870 Exception <a 'sun/nio/fs/WindowsException'{0x000000008ee75560}> (0x000000008ee75560) 
thrown [s\src\hotspot\share\prims\jni.cpp, line 517]
Event: 47.196 Thread 0x0000012b58596870 Exception <a 'sun/nio/fs/WindowsException'{0x000000008ee8c3b8}> (0x000000008ee8c3b8) 
thrown [s\src\hotspot\share\prims\jni.cpp, line 517]
Event: 47.196 Thread 0x0000012b58596870 Exception <a 'sun/nio/fs/WindowsException'{0x000000008ee8c828}> (0x000000008ee8c828) 
thrown [s\src\hotspot\share\prims\jni.cpp, line 517]
Event: 47.199 Thread 0x0000012b58596870 Exception <a 'sun/nio/fs/WindowsException'{0x000000008eea3ff0}> (0x000000008eea3ff0) 
thrown [s\src\hotspot\share\prims\jni.cpp, line 517]
Event: 47.199 Thread 0x0000012b58596870 Exception <a 'sun/nio/fs/WindowsException'{0x000000008eea4460}> (0x000000008eea4460) 
thrown [s\src\hotspot\share\prims\jni.cpp, line 517]
Event: 47.205 Thread 0x0000012b58596870 Exception <a 'sun/nio/fs/WindowsException'{0x000000008eeb1520}> (0x000000008eeb1520) 
thrown [s\src\hotspot\share\prims\jni.cpp, line 517]
Event: 47.205 Thread 0x0000012b58596870 Exception <a 'sun/nio/fs/WindowsException'{0x000000008eeb1988}> (0x000000008eeb1988) 
thrown [s\src\hotspot\share\prims\jni.cpp, line 517]
Event: 47.208 Thread 0x0000012b58596870 Exception <a 'sun/nio/fs/WindowsException'{0x000000008eec6c90}> (0x000000008eec6c90) 
thrown [s\src\hotspot\share\prims\jni.cpp, line 517]
Event: 47.208 Thread 0x0000012b58596870 Exception <a 'sun/nio/fs/WindowsException'{0x000000008eec70f0}> (0x000000008eec70f0) 
thrown [s\src\hotspot\share\prims\jni.cpp, line 517]
Event: 47.211 Thread 0x0000012b58596870 Exception <a 'sun/nio/fs/WindowsException'{0x000000008eedde30}> (0x000000008eedde30) 
thrown [s\src\hotspot\share\prims\jni.cpp, line 517]
Event: 47.211 Thread 0x0000012b58596870 Exception <a 'sun/nio/fs/WindowsException'{0x000000008eee2228}> (0x000000008eee2228) 
thrown [s\src\hotspot\share\prims\jni.cpp, line 517]
Event: 47.213 Thread 0x0000012b58596870 Exception <a 'sun/nio/fs/WindowsException'{0x000000008eee4490}> (0x000000008eee4490) 
thrown [s\src\hotspot\share\prims\jni.cpp, line 517]
Event: 47.213 Thread 0x0000012b58596870 Exception <a 'sun/nio/fs/WindowsException'{0x000000008eee48f8}> (0x000000008eee48f8) 
thrown [s\src\hotspot\share\prims\jni.cpp, line 517]
Event: 47.215 Thread 0x0000012b58596870 Exception <a 'sun/nio/fs/WindowsException'{0x000000008eef37e0}> (0x000000008eef37e0) 
thrown [s\src\hotspot\share\prims\jni.cpp, line 517]
Event: 47.216 Thread 0x0000012b58596870 Exception <a 'sun/nio/fs/WindowsException'{0x000000008eef3c48}> (0x000000008eef3c48) 
thrown [s\src\hotspot\share\prims\jni.cpp, line 517]
Event: 47.221 Thread 0x0000012b58596870 Exception <a 'sun/nio/fs/WindowsException'{0x000000008eef65e8}> (0x000000008eef65e8) 
thrown [s\src\hotspot\share\prims\jni.cpp, line 517]
Event: 47.221 Thread 0x0000012b58596870 Exception <a 'sun/nio/fs/WindowsException'{0x000000008eef6a08}> (0x000000008eef6a08) 
thrown [s\src\hotspot\share\prims\jni.cpp, line 517]

VM Operations (20 events):
Event: 43.422 Executing VM operation: G1CollectForAllocation done
Event: 44.223 Executing VM operation: HandshakeAllThreads
Event: 44.224 Executing VM operation: HandshakeAllThreads done
Event: 44.251 Executing VM operation: HandshakeAllThreads
Event: 44.251 Executing VM operation: HandshakeAllThreads done
Event: 44.931 Executing VM operation: G1CollectForAllocation
Event: 44.937 Executing VM operation: G1CollectForAllocation done
Event: 45.324 Executing VM operation: HandshakeAllThreads
Event: 45.324 Executing VM operation: HandshakeAllThreads done
Event: 46.035 Executing VM operation: G1CollectForAllocation
Event: 46.042 Executing VM operation: G1CollectForAllocation done
Event: 46.619 Executing VM operation: G1TryInitiateConcMark
Event: 46.632 Executing VM operation: G1TryInitiateConcMark done
Event: 46.845 Executing VM operation: G1Concurrent
Event: 46.867 Executing VM operation: G1Concurrent done
Event: 46.937 Executing VM operation: G1Concurrent
Event: 46.953 Executing VM operation: G1Concurrent done
Event: 46.991 Executing VM operation: G1CollectForAllocation
Event: 47.022 Executing VM operation: G1CollectForAllocation done
Event: 47.302 Executing VM operation: G1CollectForAllocation

Events (20 events):
Event: 47.039 loading class com/sun/xml/internal/stream/events/CharacterEvent
Event: 47.039 loading class javax/xml/stream/events/Characters
Event: 47.039 loading class javax/xml/stream/events/Characters done
Event: 47.039 loading class com/sun/xml/internal/stream/events/CharacterEvent done
Event: 47.042 loading class com/sun/xml/internal/stream/util/ReadOnlyIterator
Event: 47.043 loading class com/sun/xml/internal/stream/util/ReadOnlyIterator done
Event: 47.057 loading class com/sun/xml/internal/stream/events/EndElementEvent
Event: 47.057 loading class javax/xml/stream/events/EndElement
Event: 47.058 loading class javax/xml/stream/events/EndElement done
Event: 47.058 loading class com/sun/xml/internal/stream/events/EndElementEvent done
Event: 47.160 loading class java/nio/file/StandardCopyOption
Event: 47.160 loading class java/nio/file/StandardCopyOption done
Event: 47.160 loading class sun/nio/fs/WindowsFileCopy
Event: 47.161 loading class sun/nio/fs/WindowsFileCopy done
Event: 47.246 loading class java/util/Spliterators$2Adapter
Event: 47.246 loading class java/util/PrimitiveIterator$OfInt
Event: 47.250 loading class java/util/PrimitiveIterator
Event: 47.250 loading class java/util/PrimitiveIterator done
Event: 47.250 loading class java/util/PrimitiveIterator$OfInt done
Event: 47.250 loading class java/util/Spliterators$2Adapter done


Dynamic libraries:
0x00007ff6e8d90000 - 0x00007ff6e8d9a000 	C:\Program Files\Android\Android Studio\jbr\bin\java.exe
0x00007fff9a2f0000 - 0x00007fff9a504000 	C:\WINDOWS\SYSTEM32\ntdll.dll
0x00007fff985d0000 - 0x00007fff98694000 	C:\WINDOWS\System32\KERNEL32.DLL
0x00007fff97bb0000 - 0x00007fff97f54000 	C:\WINDOWS\System32\KERNELBASE.dll
0x00007fff97930000 - 0x00007fff97a41000 	C:\WINDOWS\System32\ucrtbase.dll
0x00007fff82030000 - 0x00007fff8204b000 	C:\Program Files\Android\Android Studio\jbr\bin\VCRUNTIME140.dll
0x00007fff83fb0000 - 0x00007fff83fc7000 	C:\Program Files\Android\Android Studio\jbr\bin\jli.dll
0x00007fff999b0000 - 0x00007fff99b5e000 	C:\WINDOWS\System32\USER32.dll
0x00007fff97900000 - 0x00007fff97926000 	C:\WINDOWS\System32\win32u.dll
0x00007fff99b60000 - 0x00007fff99b89000 	C:\WINDOWS\System32\GDI32.dll
0x00007fff97f60000 - 0x00007fff98078000 	C:\WINDOWS\System32\gdi32full.dll
0x00007fff826f0000 - 0x00007fff82983000 	C:\WINDOWS\WinSxS\amd64_microsoft.windows.common-controls_6595b64144ccf1df_6.0.22621.2215_none_270d72677387dfc3\COMCTL32.dll
0x00007fff97a50000 - 0x00007fff97aea000 	C:\WINDOWS\System32\msvcp_win.dll
0x00007fff99680000 - 0x00007fff99727000 	C:\WINDOWS\System32\msvcrt.dll
0x00007fff98080000 - 0x00007fff980b1000 	C:\WINDOWS\System32\IMM32.DLL
0x00007fff82340000 - 0x00007fff8234c000 	C:\Program Files\Android\Android Studio\jbr\bin\vcruntime140_1.dll
0x00007fff632e0000 - 0x00007fff6336d000 	C:\Program Files\Android\Android Studio\jbr\bin\msvcp140.dll
0x00007fff2f8e0000 - 0x00007fff3054e000 	C:\Program Files\Android\Android Studio\jbr\bin\server\jvm.dll
0x00007fff990b0000 - 0x00007fff99160000 	C:\WINDOWS\System32\ADVAPI32.dll
0x00007fff99b90000 - 0x00007fff99c36000 	C:\WINDOWS\System32\sechost.dll
0x00007fff98420000 - 0x00007fff98537000 	C:\WINDOWS\System32\RPCRT4.dll
0x00007fff8f480000 - 0x00007fff8f4b4000 	C:\WINDOWS\SYSTEM32\WINMM.dll
0x00007fff6eb70000 - 0x00007fff6eb79000 	C:\WINDOWS\SYSTEM32\WSOCK32.dll
0x00007fff99c40000 - 0x00007fff99cb1000 	C:\WINDOWS\System32\WS2_32.dll
0x00007fff96180000 - 0x00007fff9618a000 	C:\WINDOWS\SYSTEM32\VERSION.dll
0x00007fff966a0000 - 0x00007fff966b8000 	C:\WINDOWS\SYSTEM32\kernel.appcore.dll
0x00007fff92c40000 - 0x00007fff92c4a000 	C:\Program Files\Android\Android Studio\jbr\bin\jimage.dll
0x00007fff95170000 - 0x00007fff9539e000 	C:\WINDOWS\SYSTEM32\DBGHELP.DLL
0x00007fff99d20000 - 0x00007fff9a0aa000 	C:\WINDOWS\System32\combase.dll
0x00007fff98110000 - 0x00007fff981e7000 	C:\WINDOWS\System32\OLEAUT32.dll
0x00007fff7c5d0000 - 0x00007fff7c602000 	C:\WINDOWS\SYSTEM32\dbgcore.DLL
0x00007fff97880000 - 0x00007fff978fa000 	C:\WINDOWS\System32\bcryptPrimitives.dll
0x00007fff91850000 - 0x00007fff91875000 	C:\Program Files\Android\Android Studio\jbr\bin\java.dll
0x00007fff919b0000 - 0x00007fff919c8000 	C:\Program Files\Android\Android Studio\jbr\bin\zip.dll
0x00007fff986a0000 - 0x00007fff98ec3000 	C:\WINDOWS\System32\SHELL32.dll
0x00007fff95500000 - 0x00007fff95dea000 	C:\WINDOWS\SYSTEM32\windows.storage.dll
0x00007fff953c0000 - 0x00007fff954fe000 	C:\WINDOWS\SYSTEM32\wintypes.dll
0x00007fff9a0b0000 - 0x00007fff9a1a3000 	C:\WINDOWS\System32\SHCORE.dll
0x00007fff99cc0000 - 0x00007fff99d1e000 	C:\WINDOWS\System32\shlwapi.dll
0x00007fff975d0000 - 0x00007fff975f6000 	C:\WINDOWS\SYSTEM32\profapi.dll
0x00007fff848d0000 - 0x00007fff848e9000 	C:\Program Files\Android\Android Studio\jbr\bin\net.dll
0x00007fff8fef0000 - 0x00007fff90027000 	C:\WINDOWS\SYSTEM32\WINHTTP.dll
0x00007fff96b70000 - 0x00007fff96bd9000 	C:\WINDOWS\system32\mswsock.dll
0x00007fff841d0000 - 0x00007fff841e6000 	C:\Program Files\Android\Android Studio\jbr\bin\nio.dll
0x00007fff92c30000 - 0x00007fff92c40000 	C:\Program Files\Android\Android Studio\jbr\bin\verify.dll
0x00007fff7bd40000 - 0x00007fff7bd67000 	C:\Users\ims23\.gradle\native\68d5fa5c4cc2d200863cafc0d521ce42e7d3e7ee720ec0a83991735586a16f82\windows-amd64\native-platform.dll
0x00007fff55d60000 - 0x00007fff55ea4000 	C:\Users\ims23\.gradle\native\e376f236ea51e6404a007f0833ffe2c6e607c4080706a723a18a27aeea778392\windows-amd64\native-platform-file-events.dll
0x00007fff92bb0000 - 0x00007fff92bb9000 	C:\Program Files\Android\Android Studio\jbr\bin\management.dll
0x00007fff929c0000 - 0x00007fff929cb000 	C:\Program Files\Android\Android Studio\jbr\bin\management_ext.dll
0x00007fff981f0000 - 0x00007fff981f8000 	C:\WINDOWS\System32\PSAPI.DLL
0x00007fff96dc0000 - 0x00007fff96ddb000 	C:\WINDOWS\SYSTEM32\CRYPTSP.dll
0x00007fff96660000 - 0x00007fff96695000 	C:\WINDOWS\system32\rsaenh.dll
0x00007fff96c60000 - 0x00007fff96c8c000 	C:\WINDOWS\SYSTEM32\USERENV.dll
0x00007fff96f60000 - 0x00007fff96f88000 	C:\WINDOWS\SYSTEM32\bcrypt.dll
0x00007fff96de0000 - 0x00007fff96dec000 	C:\WINDOWS\SYSTEM32\CRYPTBASE.dll
0x00007fff96040000 - 0x00007fff9606d000 	C:\WINDOWS\SYSTEM32\IPHLPAPI.DLL
0x00007fff99730000 - 0x00007fff99739000 	C:\WINDOWS\System32\NSI.dll
0x00007fff8fcf0000 - 0x00007fff8fd09000 	C:\WINDOWS\SYSTEM32\dhcpcsvc6.DLL
0x00007fff8fc20000 - 0x00007fff8fc3f000 	C:\WINDOWS\SYSTEM32\dhcpcsvc.DLL
0x00007fff96070000 - 0x00007fff96162000 	C:\WINDOWS\SYSTEM32\DNSAPI.dll
0x00007fff841c0000 - 0x00007fff841c8000 	C:\WINDOWS\system32\wshunix.dll
0x00007fff8a1a0000 - 0x00007fff8a1aa000 	C:\Windows\System32\rasadhlp.dll
0x00007fff8e980000 - 0x00007fff8ea04000 	C:\WINDOWS\System32\fwpuclnt.dll
0x00007fff76620000 - 0x00007fff76637000 	C:\WINDOWS\system32\napinsp.dll
0x00007fff764d0000 - 0x00007fff764eb000 	C:\WINDOWS\system32\pnrpnsp.dll
0x00007fff764b0000 - 0x00007fff764c1000 	C:\WINDOWS\System32\winrnr.dll
0x00007fff8f1b0000 - 0x00007fff8f1c5000 	C:\WINDOWS\system32\wshbth.dll
0x00007fff76480000 - 0x00007fff764a1000 	C:\WINDOWS\system32\nlansp_c.dll
0x00007fff96710000 - 0x00007fff96744000 	C:\WINDOWS\SYSTEM32\ntmarta.dll

dbghelp: loaded successfully - version: 4.0.5 - missing functions: none
symbol engine: initialized successfully - sym options: 0x614 - pdb path: .;C:\Program Files\Android\Android Studio\jbr\bin;C:\WINDOWS\SYSTEM32;C:\WINDOWS\WinSxS\amd64_microsoft.windows.common-controls_6595b64144ccf1df_6.0.22621.2215_none_270d72677387dfc3;C:\Program Files\Android\Android Studio\jbr\bin\server;C:\Users\ims23\.gradle\native\68d5fa5c4cc2d200863cafc0d521ce42e7d3e7ee720ec0a83991735586a16f82\windows-amd64;C:\Users\ims23\.gradle\native\e376f236ea51e6404a007f0833ffe2c6e607c4080706a723a18a27aeea778392\windows-amd64

VM Arguments:
jvm_args: --add-opens=java.base/java.util=ALL-UNNAMED --add-opens=java.base/java.lang=ALL-UNNAMED --add-opens=java.base/java.lang.invoke=ALL-UNNAMED --add-opens=java.prefs/java.util.prefs=ALL-UNNAMED --add-opens=java.base/java.nio.charset=ALL-UNNAMED --add-opens=java.base/java.net=ALL-UNNAMED --add-opens=java.base/java.util.concurrent.atomic=ALL-UNNAMED -Xmx2048m -Dfile.encoding=UTF-8 -Duser.country=US -Duser.language=en -Duser.variant 
java_command: org.gradle.launcher.daemon.bootstrap.GradleDaemon 8.0
java_class_path (initial): C:\Users\ims23\.gradle\wrapper\dists\gradle-8.0-bin\ca5e32bp14vu59qr306oxotwh\gradle-8.0\lib\gradle-launcher-8.0.jar
Launcher Type: SUN_STANDARD

[Global flags]
     intx CICompilerCount                          = 4                                         {product} {ergonomic}
     uint ConcGCThreads                            = 2                                         {product} {ergonomic}
     uint G1ConcRefinementThreads                  = 8                                         {product} {ergonomic}
   size_t G1HeapRegionSize                         = 1048576                                   {product} {ergonomic}
    uintx GCDrainStackTargetSize                   = 64                                        {product} {ergonomic}
   size_t InitialHeapSize                          = 100663296                                 {product} {ergonomic}
   size_t MarkStackSize                            = 4194304                                   {product} {ergonomic}
   size_t MaxHeapSize                              = 2147483648                                {product} {command line}
   size_t MaxNewSize                               = 1287651328                                {product} {ergonomic}
   size_t MinHeapDeltaBytes                        = 1048576                                   {product} {ergonomic}
   size_t MinHeapSize                              = 8388608                                   {product} {ergonomic}
    uintx NonNMethodCodeHeapSize                   = 5839372                                {pd product} {ergonomic}
    uintx NonProfiledCodeHeapSize                  = 122909434                              {pd product} {ergonomic}
    uintx ProfiledCodeHeapSize                     = 122909434                              {pd product} {ergonomic}
    uintx ReservedCodeCacheSize                    = 251658240                              {pd product} {ergonomic}
     bool SegmentedCodeCache                       = true                                      {product} {ergonomic}
   size_t SoftMaxHeapSize                          = 2147483648                             {manageable} {ergonomic}
     bool UseCompressedClassPointers               = true                           {product lp64_product} {ergonomic}
     bool UseCompressedOops                        = true                           {product lp64_product} {ergonomic}
     bool UseG1GC                                  = true                                      {product} {ergonomic}
     bool UseLargePagesIndividualAllocation        = false                                  {pd product} {ergonomic}

Logging:
Log output configuration:
 #0: stdout all=warning uptime,level,tags
 #1: stderr all=off uptime,level,tags

Environment Variables:
PATH=C:\Program Files (x86)\VMware\VMware Workstation\bin\;C:\Program Files\AdoptOpenJDK\jdk-11.0.10.9-openj9\bin;C:\ProgramData\Oracle\Java\javapath;C:\WINDOWS\system32;C:\WINDOWS;C:\WINDOWS\System32\Wbem;C:\WINDOWS\System32\WindowsPowerShell\v1.0\;C:\WINDOWS\System32\OpenSSH\;C:\Program Files\dotnet\;C:\WINDOWS\system32;C:\WINDOWS;C:\WINDOWS\System32\Wbem;C:\WINDOWS\System32\WindowsPowerShell\v1.0\;C:\WINDOWS\System32\OpenSSH\;C:\Program Files (x86)\Microsoft SQL Server\160\Tools\Binn\;C:\Program Files\Microsoft SQL Server\160\Tools\Binn\;C:\Program Files\Microsoft SQL Server\Client SDK\ODBC\170\Tools\Binn\;C:\Program Files\Microsoft SQL Server\160\DTS\Binn\;C:\Program Files (x86)\Microsoft SQL Server\160\DTS\Binn\;C:\Program Files\Azure Data Studio\bin;C:\Program Files\Git\cmd;C:\Program Files\MySQL\MySQL Shell 8.0\bin\;C:\Users\ims23\AppData\Local\Microsoft\WindowsApps;C:\Users\ims23\.dotnet\tools;C:\Program Files\Azure Data Studio\bin;C:\Users\ims23\AppData\Local\Programs\Microsoft VS Code\bin;C:\Users\ims23\AppData\Local\GitHubDesktop\bin;
USERNAME=ims23
OS=Windows_NT
PROCESSOR_IDENTIFIER=AMD64 Family 23 Model 24 Stepping 1, AuthenticAMD
TMP=C:\Users\ims23\AppData\Local\Temp
TEMP=C:\Users\ims23\AppData\Local\Temp


JNI global refs:
JNI global refs: 29, weak refs: 28

JNI global refs memory usage: 843, weak refs: 841


---------------  S Y S T E M  ---------------

OS:
 Windows 11 , 64 bit Build 22621 (10.0.22621.2215)
OS uptime: 1 days 1:19 hours

CPU: total 8 (initial active 8) (8 cores per cpu, 2 threads per core) family 23 model 24 stepping 1 microcode 0x0, cx8, cmov, fxsr, ht, mmx, 3dnowpref, sse, sse2, sse3, ssse3, sse4a, sse4.1, sse4.2, popcnt, lzcnt, tsc, tscinvbit, avx, avx2, aes, clmul, bmi1, bmi2, adx, sha, fma, vzeroupper, clflush, clflushopt

Memory: 4k page, system-wide physical 6077M (323M free)
TotalPageFile size 24461M (AvailPageFile size 93M)
current process WorkingSet (physical memory assigned to process): 486M, peak: 487M
current process commit charge ("private bytes"): 577M, peak: 768M

vm_info: OpenJDK 64-Bit Server VM (17.0.6+0-b2043.56-10027231) for windows-amd64 JRE (17.0.6+0-b2043.56-10027231), built on Apr 28 2023 00:43:19 by "androidbuild" with MS VC++ 16.10 / 16.11 (VS2019)

END.
